This is pdfTeX, Version 3.14159265-2.6-1.40.17 (TeX Live 2016/W32TeX) (preloaded format=pdflatex 2016.7.20)  20 NOV 2017 19:26
entering extended mode
 restricted \write18 enabled.
 %&-line parsing enabled.
**./R-Lecture-CNUH.tex
(./R-Lecture-CNUH.tex
LaTeX2e <2016/03/31> patch level 2
Babel <3.9r> and hyphenation patterns for 83 language(s) loaded.
(d:/usr/texlive/2016/texmf-dist/tex/latex/base/book.cls
Document Class: book 2014/09/29 v1.4h Standard LaTeX document class
(d:/usr/texlive/2016/texmf-dist/tex/latex/base/bk12.clo
File: bk12.clo 2014/09/29 v1.4h Standard LaTeX file (size option)
)
\c@part=\count79
\c@chapter=\count80
\c@section=\count81
\c@subsection=\count82
\c@subsubsection=\count83
\c@paragraph=\count84
\c@subparagraph=\count85
\c@figure=\count86
\c@table=\count87
\abovecaptionskip=\skip41
\belowcaptionskip=\skip42
\bibindent=\dimen102
) (d:/usr/texlive/2016/texmf-dist/tex/latex/lm/lmodern.sty
Package: lmodern 2009/10/30 v1.6 Latin Modern Fonts
LaTeX Font Info:    Overwriting symbol font `operators' in version `normal'
(Font)                  OT1/cmr/m/n --> OT1/lmr/m/n on input line 22.
LaTeX Font Info:    Overwriting symbol font `letters' in version `normal'
(Font)                  OML/cmm/m/it --> OML/lmm/m/it on input line 23.
LaTeX Font Info:    Overwriting symbol font `symbols' in version `normal'
(Font)                  OMS/cmsy/m/n --> OMS/lmsy/m/n on input line 24.
LaTeX Font Info:    Overwriting symbol font `largesymbols' in version `normal'
(Font)                  OMX/cmex/m/n --> OMX/lmex/m/n on input line 25.
LaTeX Font Info:    Overwriting symbol font `operators' in version `bold'
(Font)                  OT1/cmr/bx/n --> OT1/lmr/bx/n on input line 26.
LaTeX Font Info:    Overwriting symbol font `letters' in version `bold'
(Font)                  OML/cmm/b/it --> OML/lmm/b/it on input line 27.
LaTeX Font Info:    Overwriting symbol font `symbols' in version `bold'
(Font)                  OMS/cmsy/b/n --> OMS/lmsy/b/n on input line 28.
LaTeX Font Info:    Overwriting symbol font `largesymbols' in version `bold'
(Font)                  OMX/cmex/m/n --> OMX/lmex/m/n on input line 29.
LaTeX Font Info:    Overwriting math alphabet `\mathbf' in version `normal'
(Font)                  OT1/cmr/bx/n --> OT1/lmr/bx/n on input line 31.
LaTeX Font Info:    Overwriting math alphabet `\mathsf' in version `normal'
(Font)                  OT1/cmss/m/n --> OT1/lmss/m/n on input line 32.
LaTeX Font Info:    Overwriting math alphabet `\mathit' in version `normal'
(Font)                  OT1/cmr/m/it --> OT1/lmr/m/it on input line 33.
LaTeX Font Info:    Overwriting math alphabet `\mathtt' in version `normal'
(Font)                  OT1/cmtt/m/n --> OT1/lmtt/m/n on input line 34.
LaTeX Font Info:    Overwriting math alphabet `\mathbf' in version `bold'
(Font)                  OT1/cmr/bx/n --> OT1/lmr/bx/n on input line 35.
LaTeX Font Info:    Overwriting math alphabet `\mathsf' in version `bold'
(Font)                  OT1/cmss/bx/n --> OT1/lmss/bx/n on input line 36.
LaTeX Font Info:    Overwriting math alphabet `\mathit' in version `bold'
(Font)                  OT1/cmr/bx/it --> OT1/lmr/bx/it on input line 37.
LaTeX Font Info:    Overwriting math alphabet `\mathtt' in version `bold'
(Font)                  OT1/cmtt/m/n --> OT1/lmtt/m/n on input line 38.
) (d:/usr/texlive/2016/texmf-dist/tex/latex/amsfonts/amssymb.sty
Package: amssymb 2013/01/14 v3.01 AMS font symbols
(d:/usr/texlive/2016/texmf-dist/tex/latex/amsfonts/amsfonts.sty
Package: amsfonts 2013/01/14 v3.01 Basic AMSFonts support
\@emptytoks=\toks14
\symAMSa=\mathgroup4
\symAMSb=\mathgroup5
LaTeX Font Info:    Overwriting math alphabet `\mathfrak' in version `bold'
(Font)                  U/euf/m/n --> U/euf/b/n on input line 106.
)) (d:/usr/texlive/2016/texmf-dist/tex/latex/amsmath/amsmath.sty
Package: amsmath 2016/06/28 v2.15d AMS math features
\@mathmargin=\skip43
For additional information on amsmath, use the `?' option.
(d:/usr/texlive/2016/texmf-dist/tex/latex/amsmath/amstext.sty
Package: amstext 2000/06/29 v2.01 AMS text
(d:/usr/texlive/2016/texmf-dist/tex/latex/amsmath/amsgen.sty
File: amsgen.sty 1999/11/30 v2.0 generic functions
\@emptytoks=\toks15
\ex@=\dimen103
)) (d:/usr/texlive/2016/texmf-dist/tex/latex/amsmath/amsbsy.sty
Package: amsbsy 1999/11/29 v1.2d Bold Symbols
\pmbraise@=\dimen104
) (d:/usr/texlive/2016/texmf-dist/tex/latex/amsmath/amsopn.sty
Package: amsopn 2016/03/08 v2.02 operator names
)
\inf@bad=\count88
LaTeX Info: Redefining \frac on input line 199.
\uproot@=\count89
\leftroot@=\count90
LaTeX Info: Redefining \overline on input line 297.
\classnum@=\count91
\DOTSCASE@=\count92
LaTeX Info: Redefining \ldots on input line 394.
LaTeX Info: Redefining \dots on input line 397.
LaTeX Info: Redefining \cdots on input line 518.
\Mathstrutbox@=\box26
\strutbox@=\box27
\big@size=\dimen105
LaTeX Font Info:    Redeclaring font encoding OML on input line 634.
LaTeX Font Info:    Redeclaring font encoding OMS on input line 635.
\macc@depth=\count93
\c@MaxMatrixCols=\count94
\dotsspace@=\muskip10
\c@parentequation=\count95
\dspbrk@lvl=\count96
\tag@help=\toks16
\row@=\count97
\column@=\count98
\maxfields@=\count99
\andhelp@=\toks17
\eqnshift@=\dimen106
\alignsep@=\dimen107
\tagshift@=\dimen108
\tagwidth@=\dimen109
\totwidth@=\dimen110
\lineht@=\dimen111
\@envbody=\toks18
\multlinegap=\skip44
\multlinetaggap=\skip45
\mathdisplay@stack=\toks19
LaTeX Info: Redefining \[ on input line 2739.
LaTeX Info: Redefining \] on input line 2740.
) (d:/usr/texlive/2016/texmf-dist/tex/generic/ifxetex/ifxetex.sty
Package: ifxetex 2010/09/12 v0.6 Provides ifxetex conditional
) (d:/usr/texlive/2016/texmf-dist/tex/generic/oberdiek/ifluatex.sty
Package: ifluatex 2016/05/16 v1.4 Provides the ifluatex switch (HO)
Package ifluatex Info: LuaTeX not detected.
) (d:/usr/texlive/2016/texmf-dist/tex/latex/base/fixltx2e.sty
Package: fixltx2e 2015/06/22 v2.0b fixes to LaTeX (obsolete)

Package fixltx2e Warning: fixltx2e is not required with releases after 2015
(fixltx2e)                All fixes are now in the LaTeX kernel.
(fixltx2e)                See the latexrelease package for details.

) (d:/usr/texlive/2016/texmf-dist/tex/latex/base/fontenc.sty
Package: fontenc 2016/06/19 v1.99m Standard LaTeX package
(d:/usr/texlive/2016/texmf-dist/tex/latex/base/t1enc.def
File: t1enc.def 2016/06/19 v1.99m Standard LaTeX file
LaTeX Font Info:    Redeclaring font encoding T1 on input line 48.
)) (d:/usr/texlive/2016/texmf-dist/tex/latex/base/inputenc.sty
Package: inputenc 2015/03/17 v1.2c Input encoding file
\inpenc@prehook=\toks20
\inpenc@posthook=\toks21
(d:/usr/texlive/2016/texmf-dist/tex/latex/base/utf8.def
File: utf8.def 2016/02/28 v1.1s UTF-8 support for inputenc
Now handling font encoding OML ...
... no UTF-8 mapping file for font encoding OML
Now handling font encoding T1 ...
... processing UTF-8 mapping file for font encoding T1
(d:/usr/texlive/2016/texmf-dist/tex/latex/base/t1enc.dfu
File: t1enc.dfu 2016/02/28 v1.1s UTF-8 support for inputenc
   defining Unicode char U+00A0 (decimal 160)
   defining Unicode char U+00A1 (decimal 161)
   defining Unicode char U+00A3 (decimal 163)
   defining Unicode char U+00AB (decimal 171)
   defining Unicode char U+00AD (decimal 173)
   defining Unicode char U+00BB (decimal 187)
   defining Unicode char U+00BF (decimal 191)
   defining Unicode char U+00C0 (decimal 192)
   defining Unicode char U+00C1 (decimal 193)
   defining Unicode char U+00C2 (decimal 194)
   defining Unicode char U+00C3 (decimal 195)
   defining Unicode char U+00C4 (decimal 196)
   defining Unicode char U+00C5 (decimal 197)
   defining Unicode char U+00C6 (decimal 198)
   defining Unicode char U+00C7 (decimal 199)
   defining Unicode char U+00C8 (decimal 200)
   defining Unicode char U+00C9 (decimal 201)
   defining Unicode char U+00CA (decimal 202)
   defining Unicode char U+00CB (decimal 203)
   defining Unicode char U+00CC (decimal 204)
   defining Unicode char U+00CD (decimal 205)
   defining Unicode char U+00CE (decimal 206)
   defining Unicode char U+00CF (decimal 207)
   defining Unicode char U+00D0 (decimal 208)
   defining Unicode char U+00D1 (decimal 209)
   defining Unicode char U+00D2 (decimal 210)
   defining Unicode char U+00D3 (decimal 211)
   defining Unicode char U+00D4 (decimal 212)
   defining Unicode char U+00D5 (decimal 213)
   defining Unicode char U+00D6 (decimal 214)
   defining Unicode char U+00D8 (decimal 216)
   defining Unicode char U+00D9 (decimal 217)
   defining Unicode char U+00DA (decimal 218)
   defining Unicode char U+00DB (decimal 219)
   defining Unicode char U+00DC (decimal 220)
   defining Unicode char U+00DD (decimal 221)
   defining Unicode char U+00DE (decimal 222)
   defining Unicode char U+00DF (decimal 223)
   defining Unicode char U+00E0 (decimal 224)
   defining Unicode char U+00E1 (decimal 225)
   defining Unicode char U+00E2 (decimal 226)
   defining Unicode char U+00E3 (decimal 227)
   defining Unicode char U+00E4 (decimal 228)
   defining Unicode char U+00E5 (decimal 229)
   defining Unicode char U+00E6 (decimal 230)
   defining Unicode char U+00E7 (decimal 231)
   defining Unicode char U+00E8 (decimal 232)
   defining Unicode char U+00E9 (decimal 233)
   defining Unicode char U+00EA (decimal 234)
   defining Unicode char U+00EB (decimal 235)
   defining Unicode char U+00EC (decimal 236)
   defining Unicode char U+00ED (decimal 237)
   defining Unicode char U+00EE (decimal 238)
   defining Unicode char U+00EF (decimal 239)
   defining Unicode char U+00F0 (decimal 240)
   defining Unicode char U+00F1 (decimal 241)
   defining Unicode char U+00F2 (decimal 242)
   defining Unicode char U+00F3 (decimal 243)
   defining Unicode char U+00F4 (decimal 244)
   defining Unicode char U+00F5 (decimal 245)
   defining Unicode char U+00F6 (decimal 246)
   defining Unicode char U+00F8 (decimal 248)
   defining Unicode char U+00F9 (decimal 249)
   defining Unicode char U+00FA (decimal 250)
   defining Unicode char U+00FB (decimal 251)
   defining Unicode char U+00FC (decimal 252)
   defining Unicode char U+00FD (decimal 253)
   defining Unicode char U+00FE (decimal 254)
   defining Unicode char U+00FF (decimal 255)
   defining Unicode char U+0100 (decimal 256)
   defining Unicode char U+0101 (decimal 257)
   defining Unicode char U+0102 (decimal 258)
   defining Unicode char U+0103 (decimal 259)
   defining Unicode char U+0104 (decimal 260)
   defining Unicode char U+0105 (decimal 261)
   defining Unicode char U+0106 (decimal 262)
   defining Unicode char U+0107 (decimal 263)
   defining Unicode char U+0108 (decimal 264)
   defining Unicode char U+0109 (decimal 265)
   defining Unicode char U+010A (decimal 266)
   defining Unicode char U+010B (decimal 267)
   defining Unicode char U+010C (decimal 268)
   defining Unicode char U+010D (decimal 269)
   defining Unicode char U+010E (decimal 270)
   defining Unicode char U+010F (decimal 271)
   defining Unicode char U+0110 (decimal 272)
   defining Unicode char U+0111 (decimal 273)
   defining Unicode char U+0112 (decimal 274)
   defining Unicode char U+0113 (decimal 275)
   defining Unicode char U+0114 (decimal 276)
   defining Unicode char U+0115 (decimal 277)
   defining Unicode char U+0116 (decimal 278)
   defining Unicode char U+0117 (decimal 279)
   defining Unicode char U+0118 (decimal 280)
   defining Unicode char U+0119 (decimal 281)
   defining Unicode char U+011A (decimal 282)
   defining Unicode char U+011B (decimal 283)
   defining Unicode char U+011C (decimal 284)
   defining Unicode char U+011D (decimal 285)
   defining Unicode char U+011E (decimal 286)
   defining Unicode char U+011F (decimal 287)
   defining Unicode char U+0120 (decimal 288)
   defining Unicode char U+0121 (decimal 289)
   defining Unicode char U+0122 (decimal 290)
   defining Unicode char U+0123 (decimal 291)
   defining Unicode char U+0124 (decimal 292)
   defining Unicode char U+0125 (decimal 293)
   defining Unicode char U+0128 (decimal 296)
   defining Unicode char U+0129 (decimal 297)
   defining Unicode char U+012A (decimal 298)
   defining Unicode char U+012B (decimal 299)
   defining Unicode char U+012C (decimal 300)
   defining Unicode char U+012D (decimal 301)
   defining Unicode char U+012E (decimal 302)
   defining Unicode char U+012F (decimal 303)
   defining Unicode char U+0130 (decimal 304)
   defining Unicode char U+0131 (decimal 305)
   defining Unicode char U+0132 (decimal 306)
   defining Unicode char U+0133 (decimal 307)
   defining Unicode char U+0134 (decimal 308)
   defining Unicode char U+0135 (decimal 309)
   defining Unicode char U+0136 (decimal 310)
   defining Unicode char U+0137 (decimal 311)
   defining Unicode char U+0139 (decimal 313)
   defining Unicode char U+013A (decimal 314)
   defining Unicode char U+013B (decimal 315)
   defining Unicode char U+013C (decimal 316)
   defining Unicode char U+013D (decimal 317)
   defining Unicode char U+013E (decimal 318)
   defining Unicode char U+0141 (decimal 321)
   defining Unicode char U+0142 (decimal 322)
   defining Unicode char U+0143 (decimal 323)
   defining Unicode char U+0144 (decimal 324)
   defining Unicode char U+0145 (decimal 325)
   defining Unicode char U+0146 (decimal 326)
   defining Unicode char U+0147 (decimal 327)
   defining Unicode char U+0148 (decimal 328)
   defining Unicode char U+014A (decimal 330)
   defining Unicode char U+014B (decimal 331)
   defining Unicode char U+014C (decimal 332)
   defining Unicode char U+014D (decimal 333)
   defining Unicode char U+014E (decimal 334)
   defining Unicode char U+014F (decimal 335)
   defining Unicode char U+0150 (decimal 336)
   defining Unicode char U+0151 (decimal 337)
   defining Unicode char U+0152 (decimal 338)
   defining Unicode char U+0153 (decimal 339)
   defining Unicode char U+0154 (decimal 340)
   defining Unicode char U+0155 (decimal 341)
   defining Unicode char U+0156 (decimal 342)
   defining Unicode char U+0157 (decimal 343)
   defining Unicode char U+0158 (decimal 344)
   defining Unicode char U+0159 (decimal 345)
   defining Unicode char U+015A (decimal 346)
   defining Unicode char U+015B (decimal 347)
   defining Unicode char U+015C (decimal 348)
   defining Unicode char U+015D (decimal 349)
   defining Unicode char U+015E (decimal 350)
   defining Unicode char U+015F (decimal 351)
   defining Unicode char U+0160 (decimal 352)
   defining Unicode char U+0161 (decimal 353)
   defining Unicode char U+0162 (decimal 354)
   defining Unicode char U+0163 (decimal 355)
   defining Unicode char U+0164 (decimal 356)
   defining Unicode char U+0165 (decimal 357)
   defining Unicode char U+0168 (decimal 360)
   defining Unicode char U+0169 (decimal 361)
   defining Unicode char U+016A (decimal 362)
   defining Unicode char U+016B (decimal 363)
   defining Unicode char U+016C (decimal 364)
   defining Unicode char U+016D (decimal 365)
   defining Unicode char U+016E (decimal 366)
   defining Unicode char U+016F (decimal 367)
   defining Unicode char U+0170 (decimal 368)
   defining Unicode char U+0171 (decimal 369)
   defining Unicode char U+0172 (decimal 370)
   defining Unicode char U+0173 (decimal 371)
   defining Unicode char U+0174 (decimal 372)
   defining Unicode char U+0175 (decimal 373)
   defining Unicode char U+0176 (decimal 374)
   defining Unicode char U+0177 (decimal 375)
   defining Unicode char U+0178 (decimal 376)
   defining Unicode char U+0179 (decimal 377)
   defining Unicode char U+017A (decimal 378)
   defining Unicode char U+017B (decimal 379)
   defining Unicode char U+017C (decimal 380)
   defining Unicode char U+017D (decimal 381)
   defining Unicode char U+017E (decimal 382)
   defining Unicode char U+01CD (decimal 461)
   defining Unicode char U+01CE (decimal 462)
   defining Unicode char U+01CF (decimal 463)
   defining Unicode char U+01D0 (decimal 464)
   defining Unicode char U+01D1 (decimal 465)
   defining Unicode char U+01D2 (decimal 466)
   defining Unicode char U+01D3 (decimal 467)
   defining Unicode char U+01D4 (decimal 468)
   defining Unicode char U+01E2 (decimal 482)
   defining Unicode char U+01E3 (decimal 483)
   defining Unicode char U+01E6 (decimal 486)
   defining Unicode char U+01E7 (decimal 487)
   defining Unicode char U+01E8 (decimal 488)
   defining Unicode char U+01E9 (decimal 489)
   defining Unicode char U+01EA (decimal 490)
   defining Unicode char U+01EB (decimal 491)
   defining Unicode char U+01F0 (decimal 496)
   defining Unicode char U+01F4 (decimal 500)
   defining Unicode char U+01F5 (decimal 501)
   defining Unicode char U+0218 (decimal 536)
   defining Unicode char U+0219 (decimal 537)
   defining Unicode char U+021A (decimal 538)
   defining Unicode char U+021B (decimal 539)
   defining Unicode char U+1E02 (decimal 7682)
   defining Unicode char U+1E03 (decimal 7683)
   defining Unicode char U+200C (decimal 8204)
   defining Unicode char U+2010 (decimal 8208)
   defining Unicode char U+2011 (decimal 8209)
   defining Unicode char U+2012 (decimal 8210)
   defining Unicode char U+2013 (decimal 8211)
   defining Unicode char U+2014 (decimal 8212)
   defining Unicode char U+2015 (decimal 8213)
   defining Unicode char U+2018 (decimal 8216)
   defining Unicode char U+2019 (decimal 8217)
   defining Unicode char U+201A (decimal 8218)
   defining Unicode char U+201C (decimal 8220)
   defining Unicode char U+201D (decimal 8221)
   defining Unicode char U+201E (decimal 8222)
   defining Unicode char U+2030 (decimal 8240)
   defining Unicode char U+2031 (decimal 8241)
   defining Unicode char U+2039 (decimal 8249)
   defining Unicode char U+203A (decimal 8250)
   defining Unicode char U+2423 (decimal 9251)
)
Now handling font encoding OT1 ...
... processing UTF-8 mapping file for font encoding OT1
(d:/usr/texlive/2016/texmf-dist/tex/latex/base/ot1enc.dfu
File: ot1enc.dfu 2016/02/28 v1.1s UTF-8 support for inputenc
   defining Unicode char U+00A0 (decimal 160)
   defining Unicode char U+00A1 (decimal 161)
   defining Unicode char U+00A3 (decimal 163)
   defining Unicode char U+00AD (decimal 173)
   defining Unicode char U+00B8 (decimal 184)
   defining Unicode char U+00BF (decimal 191)
   defining Unicode char U+00C5 (decimal 197)
   defining Unicode char U+00C6 (decimal 198)
   defining Unicode char U+00D8 (decimal 216)
   defining Unicode char U+00DF (decimal 223)
   defining Unicode char U+00E6 (decimal 230)
   defining Unicode char U+00EC (decimal 236)
   defining Unicode char U+00ED (decimal 237)
   defining Unicode char U+00EE (decimal 238)
   defining Unicode char U+00EF (decimal 239)
   defining Unicode char U+00F8 (decimal 248)
   defining Unicode char U+0131 (decimal 305)
   defining Unicode char U+0141 (decimal 321)
   defining Unicode char U+0142 (decimal 322)
   defining Unicode char U+0152 (decimal 338)
   defining Unicode char U+0153 (decimal 339)
   defining Unicode char U+0174 (decimal 372)
   defining Unicode char U+0175 (decimal 373)
   defining Unicode char U+0176 (decimal 374)
   defining Unicode char U+0177 (decimal 375)
   defining Unicode char U+0218 (decimal 536)
   defining Unicode char U+0219 (decimal 537)
   defining Unicode char U+021A (decimal 538)
   defining Unicode char U+021B (decimal 539)
   defining Unicode char U+2013 (decimal 8211)
   defining Unicode char U+2014 (decimal 8212)
   defining Unicode char U+2018 (decimal 8216)
   defining Unicode char U+2019 (decimal 8217)
   defining Unicode char U+201C (decimal 8220)
   defining Unicode char U+201D (decimal 8221)
)
Now handling font encoding OMS ...
... processing UTF-8 mapping file for font encoding OMS
(d:/usr/texlive/2016/texmf-dist/tex/latex/base/omsenc.dfu
File: omsenc.dfu 2016/02/28 v1.1s UTF-8 support for inputenc
   defining Unicode char U+00A7 (decimal 167)
   defining Unicode char U+00B6 (decimal 182)
   defining Unicode char U+00B7 (decimal 183)
   defining Unicode char U+2020 (decimal 8224)
   defining Unicode char U+2021 (decimal 8225)
   defining Unicode char U+2022 (decimal 8226)
)
Now handling font encoding OMX ...
... no UTF-8 mapping file for font encoding OMX
Now handling font encoding U ...
... no UTF-8 mapping file for font encoding U
   defining Unicode char U+00A9 (decimal 169)
   defining Unicode char U+00AA (decimal 170)
   defining Unicode char U+00AE (decimal 174)
   defining Unicode char U+00BA (decimal 186)
   defining Unicode char U+02C6 (decimal 710)
   defining Unicode char U+02DC (decimal 732)
   defining Unicode char U+200C (decimal 8204)
   defining Unicode char U+2026 (decimal 8230)
   defining Unicode char U+2122 (decimal 8482)
   defining Unicode char U+2423 (decimal 9251)
)) (d:/usr/texlive/2016/texmf-dist/tex/latex/upquote/upquote.sty
Package: upquote 2012/04/19 v1.3 upright-quote and grave-accent glyphs in verba
tim
(d:/usr/texlive/2016/texmf-dist/tex/latex/base/textcomp.sty
Package: textcomp 2016/06/19 v1.99m Standard LaTeX package
Package textcomp Info: Sub-encoding information:
(textcomp)               5 = only ISO-Adobe without \textcurrency
(textcomp)               4 = 5 + \texteuro
(textcomp)               3 = 4 + \textohm
(textcomp)               2 = 3 + \textestimated + \textcurrency
(textcomp)               1 = TS1 - \textcircled - \t
(textcomp)               0 = TS1 (full)
(textcomp)             Font families with sub-encoding setting implement
(textcomp)             only a restricted character set as indicated.
(textcomp)             Family '?' is the default used for unknown fonts.
(textcomp)             See the documentation for details.
Package textcomp Info: Setting ? sub-encoding to TS1/1 on input line 79.
(d:/usr/texlive/2016/texmf-dist/tex/latex/base/ts1enc.def
File: ts1enc.def 2001/06/05 v3.0e (jk/car/fm) Standard LaTeX file
Now handling font encoding TS1 ...
... processing UTF-8 mapping file for font encoding TS1
(d:/usr/texlive/2016/texmf-dist/tex/latex/base/ts1enc.dfu
File: ts1enc.dfu 2016/02/28 v1.1s UTF-8 support for inputenc
   defining Unicode char U+00A2 (decimal 162)
   defining Unicode char U+00A3 (decimal 163)
   defining Unicode char U+00A4 (decimal 164)
   defining Unicode char U+00A5 (decimal 165)
   defining Unicode char U+00A6 (decimal 166)
   defining Unicode char U+00A7 (decimal 167)
   defining Unicode char U+00A8 (decimal 168)
   defining Unicode char U+00A9 (decimal 169)
   defining Unicode char U+00AA (decimal 170)
   defining Unicode char U+00AC (decimal 172)
   defining Unicode char U+00AE (decimal 174)
   defining Unicode char U+00AF (decimal 175)
   defining Unicode char U+00B0 (decimal 176)
   defining Unicode char U+00B1 (decimal 177)
   defining Unicode char U+00B2 (decimal 178)
   defining Unicode char U+00B3 (decimal 179)
   defining Unicode char U+00B4 (decimal 180)
   defining Unicode char U+00B5 (decimal 181)
   defining Unicode char U+00B6 (decimal 182)
   defining Unicode char U+00B7 (decimal 183)
   defining Unicode char U+00B9 (decimal 185)
   defining Unicode char U+00BA (decimal 186)
   defining Unicode char U+00BC (decimal 188)
   defining Unicode char U+00BD (decimal 189)
   defining Unicode char U+00BE (decimal 190)
   defining Unicode char U+00D7 (decimal 215)
   defining Unicode char U+00F7 (decimal 247)
   defining Unicode char U+0192 (decimal 402)
   defining Unicode char U+02C7 (decimal 711)
   defining Unicode char U+02D8 (decimal 728)
   defining Unicode char U+02DD (decimal 733)
   defining Unicode char U+0E3F (decimal 3647)
   defining Unicode char U+2016 (decimal 8214)
   defining Unicode char U+2020 (decimal 8224)
   defining Unicode char U+2021 (decimal 8225)
   defining Unicode char U+2022 (decimal 8226)
   defining Unicode char U+2030 (decimal 8240)
   defining Unicode char U+2031 (decimal 8241)
   defining Unicode char U+203B (decimal 8251)
   defining Unicode char U+203D (decimal 8253)
   defining Unicode char U+2044 (decimal 8260)
   defining Unicode char U+204E (decimal 8270)
   defining Unicode char U+2052 (decimal 8274)
   defining Unicode char U+20A1 (decimal 8353)
   defining Unicode char U+20A4 (decimal 8356)
   defining Unicode char U+20A6 (decimal 8358)
   defining Unicode char U+20A9 (decimal 8361)
   defining Unicode char U+20AB (decimal 8363)
   defining Unicode char U+20AC (decimal 8364)
   defining Unicode char U+20B1 (decimal 8369)
   defining Unicode char U+2103 (decimal 8451)
   defining Unicode char U+2116 (decimal 8470)
   defining Unicode char U+2117 (decimal 8471)
   defining Unicode char U+211E (decimal 8478)
   defining Unicode char U+2120 (decimal 8480)
   defining Unicode char U+2122 (decimal 8482)
   defining Unicode char U+2126 (decimal 8486)
   defining Unicode char U+2127 (decimal 8487)
   defining Unicode char U+212E (decimal 8494)
   defining Unicode char U+2190 (decimal 8592)
   defining Unicode char U+2191 (decimal 8593)
   defining Unicode char U+2192 (decimal 8594)
   defining Unicode char U+2193 (decimal 8595)
   defining Unicode char U+2329 (decimal 9001)
   defining Unicode char U+232A (decimal 9002)
   defining Unicode char U+2422 (decimal 9250)
   defining Unicode char U+25E6 (decimal 9702)
   defining Unicode char U+25EF (decimal 9711)
   defining Unicode char U+266A (decimal 9834)
))
LaTeX Info: Redefining \oldstylenums on input line 334.
Package textcomp Info: Setting cmr sub-encoding to TS1/0 on input line 349.
Package textcomp Info: Setting cmss sub-encoding to TS1/0 on input line 350.
Package textcomp Info: Setting cmtt sub-encoding to TS1/0 on input line 351.
Package textcomp Info: Setting cmvtt sub-encoding to TS1/0 on input line 352.
Package textcomp Info: Setting cmbr sub-encoding to TS1/0 on input line 353.
Package textcomp Info: Setting cmtl sub-encoding to TS1/0 on input line 354.
Package textcomp Info: Setting ccr sub-encoding to TS1/0 on input line 355.
Package textcomp Info: Setting ptm sub-encoding to TS1/4 on input line 356.
Package textcomp Info: Setting pcr sub-encoding to TS1/4 on input line 357.
Package textcomp Info: Setting phv sub-encoding to TS1/4 on input line 358.
Package textcomp Info: Setting ppl sub-encoding to TS1/3 on input line 359.
Package textcomp Info: Setting pag sub-encoding to TS1/4 on input line 360.
Package textcomp Info: Setting pbk sub-encoding to TS1/4 on input line 361.
Package textcomp Info: Setting pnc sub-encoding to TS1/4 on input line 362.
Package textcomp Info: Setting pzc sub-encoding to TS1/4 on input line 363.
Package textcomp Info: Setting bch sub-encoding to TS1/4 on input line 364.
Package textcomp Info: Setting put sub-encoding to TS1/5 on input line 365.
Package textcomp Info: Setting uag sub-encoding to TS1/5 on input line 366.
Package textcomp Info: Setting ugq sub-encoding to TS1/5 on input line 367.
Package textcomp Info: Setting ul8 sub-encoding to TS1/4 on input line 368.
Package textcomp Info: Setting ul9 sub-encoding to TS1/4 on input line 369.
Package textcomp Info: Setting augie sub-encoding to TS1/5 on input line 370.
Package textcomp Info: Setting dayrom sub-encoding to TS1/3 on input line 371.
Package textcomp Info: Setting dayroms sub-encoding to TS1/3 on input line 372.

Package textcomp Info: Setting pxr sub-encoding to TS1/0 on input line 373.
Package textcomp Info: Setting pxss sub-encoding to TS1/0 on input line 374.
Package textcomp Info: Setting pxtt sub-encoding to TS1/0 on input line 375.
Package textcomp Info: Setting txr sub-encoding to TS1/0 on input line 376.
Package textcomp Info: Setting txss sub-encoding to TS1/0 on input line 377.
Package textcomp Info: Setting txtt sub-encoding to TS1/0 on input line 378.
Package textcomp Info: Setting lmr sub-encoding to TS1/0 on input line 379.
Package textcomp Info: Setting lmdh sub-encoding to TS1/0 on input line 380.
Package textcomp Info: Setting lmss sub-encoding to TS1/0 on input line 381.
Package textcomp Info: Setting lmssq sub-encoding to TS1/0 on input line 382.
Package textcomp Info: Setting lmvtt sub-encoding to TS1/0 on input line 383.
Package textcomp Info: Setting lmtt sub-encoding to TS1/0 on input line 384.
Package textcomp Info: Setting qhv sub-encoding to TS1/0 on input line 385.
Package textcomp Info: Setting qag sub-encoding to TS1/0 on input line 386.
Package textcomp Info: Setting qbk sub-encoding to TS1/0 on input line 387.
Package textcomp Info: Setting qcr sub-encoding to TS1/0 on input line 388.
Package textcomp Info: Setting qcs sub-encoding to TS1/0 on input line 389.
Package textcomp Info: Setting qpl sub-encoding to TS1/0 on input line 390.
Package textcomp Info: Setting qtm sub-encoding to TS1/0 on input line 391.
Package textcomp Info: Setting qzc sub-encoding to TS1/0 on input line 392.
Package textcomp Info: Setting qhvc sub-encoding to TS1/0 on input line 393.
Package textcomp Info: Setting futs sub-encoding to TS1/4 on input line 394.
Package textcomp Info: Setting futx sub-encoding to TS1/4 on input line 395.
Package textcomp Info: Setting futj sub-encoding to TS1/4 on input line 396.
Package textcomp Info: Setting hlh sub-encoding to TS1/3 on input line 397.
Package textcomp Info: Setting hls sub-encoding to TS1/3 on input line 398.
Package textcomp Info: Setting hlst sub-encoding to TS1/3 on input line 399.
Package textcomp Info: Setting hlct sub-encoding to TS1/5 on input line 400.
Package textcomp Info: Setting hlx sub-encoding to TS1/5 on input line 401.
Package textcomp Info: Setting hlce sub-encoding to TS1/5 on input line 402.
Package textcomp Info: Setting hlcn sub-encoding to TS1/5 on input line 403.
Package textcomp Info: Setting hlcw sub-encoding to TS1/5 on input line 404.
Package textcomp Info: Setting hlcf sub-encoding to TS1/5 on input line 405.
Package textcomp Info: Setting pplx sub-encoding to TS1/3 on input line 406.
Package textcomp Info: Setting pplj sub-encoding to TS1/3 on input line 407.
Package textcomp Info: Setting ptmx sub-encoding to TS1/4 on input line 408.
Package textcomp Info: Setting ptmj sub-encoding to TS1/4 on input line 409.
)) (d:/usr/texlive/2016/texmf-dist/tex/latex/microtype/microtype.sty
Package: microtype 2016/05/14 v2.6a Micro-typographical refinements (RS)
(d:/usr/texlive/2016/texmf-dist/tex/latex/graphics/keyval.sty
Package: keyval 2014/10/28 v1.15 key=value parser (DPC)
\KV@toks@=\toks22
)
\MT@toks=\toks23
\MT@count=\count100
LaTeX Info: Redefining \textls on input line 774.
\MT@outer@kern=\dimen112
LaTeX Info: Redefining \textmicrotypecontext on input line 1310.
\MT@listname@count=\count101
(d:/usr/texlive/2016/texmf-dist/tex/latex/microtype/microtype-pdftex.def
File: microtype-pdftex.def 2016/05/14 v2.6a Definitions specific to pdftex (RS)

LaTeX Info: Redefining \lsstyle on input line 916.
LaTeX Info: Redefining \lslig on input line 916.
\MT@outer@space=\skip46
)
Package microtype Info: Loading configuration file microtype.cfg.
(d:/usr/texlive/2016/texmf-dist/tex/latex/microtype/microtype.cfg
File: microtype.cfg 2016/05/14 v2.6a microtype main configuration file (RS)
)) (d:/usr/texlive/2016/texmf-dist/tex/latex/geometry/geometry.sty
Package: geometry 2010/09/12 v5.6 Page Geometry
(d:/usr/texlive/2016/texmf-dist/tex/generic/oberdiek/ifpdf.sty
Package: ifpdf 2016/05/14 v3.1 Provides the ifpdf switch
) (d:/usr/texlive/2016/texmf-dist/tex/generic/oberdiek/ifvtex.sty
Package: ifvtex 2016/05/16 v1.6 Detect VTeX and its facilities (HO)
Package ifvtex Info: VTeX not detected.
)
\Gm@cnth=\count102
\Gm@cntv=\count103
\c@Gm@tempcnt=\count104
\Gm@bindingoffset=\dimen113
\Gm@wd@mp=\dimen114
\Gm@odd@mp=\dimen115
\Gm@even@mp=\dimen116
\Gm@layoutwidth=\dimen117
\Gm@layoutheight=\dimen118
\Gm@layouthoffset=\dimen119
\Gm@layoutvoffset=\dimen120
\Gm@dimlist=\toks24
) (d:/usr/texlive/2016/texmf-dist/tex/latex/hyperref/hyperref.sty
Package: hyperref 2016/06/24 v6.83q Hypertext links for LaTeX
(d:/usr/texlive/2016/texmf-dist/tex/generic/oberdiek/hobsub-hyperref.sty
Package: hobsub-hyperref 2016/05/16 v1.14 Bundle oberdiek, subset hyperref (HO)

(d:/usr/texlive/2016/texmf-dist/tex/generic/oberdiek/hobsub-generic.sty
Package: hobsub-generic 2016/05/16 v1.14 Bundle oberdiek, subset generic (HO)
Package: hobsub 2016/05/16 v1.14 Construct package bundles (HO)
Package: infwarerr 2016/05/16 v1.4 Providing info/warning/error messages (HO)
Package: ltxcmds 2016/05/16 v1.23 LaTeX kernel commands for general use (HO)
Package hobsub Info: Skipping package `ifluatex' (already loaded).
Package hobsub Info: Skipping package `ifvtex' (already loaded).
Package: intcalc 2016/05/16 v1.2 Expandable calculations with integers (HO)
Package hobsub Info: Skipping package `ifpdf' (already loaded).
Package: etexcmds 2016/05/16 v1.6 Avoid name clashes with e-TeX commands (HO)
Package etexcmds Info: Could not find \expanded.
(etexcmds)             That can mean that you are not using pdfTeX 1.50 or
(etexcmds)             that some package has redefined \expanded.
(etexcmds)             In the latter case, load this package earlier.
Package: kvsetkeys 2016/05/16 v1.17 Key value parser (HO)
Package: kvdefinekeys 2016/05/16 v1.4 Define keys (HO)
Package: pdftexcmds 2016/05/21 v0.22 Utility functions of pdfTeX for LuaTeX (HO
)
Package pdftexcmds Info: LuaTeX not detected.
Package pdftexcmds Info: \pdf@primitive is available.
Package pdftexcmds Info: \pdf@ifprimitive is available.
Package pdftexcmds Info: \pdfdraftmode found.
Package: pdfescape 2016/05/16 v1.14 Implements pdfTeX's escape features (HO)
Package: bigintcalc 2016/05/16 v1.4 Expandable calculations on big integers (HO
)
Package: bitset 2016/05/16 v1.2 Handle bit-vector datatype (HO)
Package: uniquecounter 2016/05/16 v1.3 Provide unlimited unique counter (HO)
)
Package hobsub Info: Skipping package `hobsub' (already loaded).
Package: letltxmacro 2016/05/16 v1.5 Let assignment for LaTeX macros (HO)
Package: hopatch 2016/05/16 v1.3 Wrapper for package hooks (HO)
Package: xcolor-patch 2016/05/16 xcolor patch
Package: atveryend 2016/05/16 v1.9 Hooks at the very end of document (HO)
Package atveryend Info: \enddocument detected (standard20110627).
Package: atbegshi 2016/06/09 v1.18 At begin shipout hook (HO)
Package: refcount 2016/05/16 v3.5 Data extraction from label references (HO)
Package: hycolor 2016/05/16 v1.8 Color options for hyperref/bookmark (HO)
) (d:/usr/texlive/2016/texmf-dist/tex/latex/oberdiek/auxhook.sty
Package: auxhook 2016/05/16 v1.4 Hooks for auxiliary files (HO)
) (d:/usr/texlive/2016/texmf-dist/tex/latex/oberdiek/kvoptions.sty
Package: kvoptions 2016/05/16 v3.12 Key value format for package options (HO)
)
\@linkdim=\dimen121
\Hy@linkcounter=\count105
\Hy@pagecounter=\count106
(d:/usr/texlive/2016/texmf-dist/tex/latex/hyperref/pd1enc.def
File: pd1enc.def 2016/06/24 v6.83q Hyperref: PDFDocEncoding definition (HO)
Now handling font encoding PD1 ...
... no UTF-8 mapping file for font encoding PD1
)
\Hy@SavedSpaceFactor=\count107
(d:/usr/texlive/2016/texmf-dist/tex/latex/latexconfig/hyperref.cfg
File: hyperref.cfg 2002/06/06 v1.2 hyperref configuration of TeXLive
)
Package hyperref Info: Hyper figures OFF on input line 4486.
Package hyperref Info: Link nesting OFF on input line 4491.
Package hyperref Info: Hyper index ON on input line 4494.
Package hyperref Info: Plain pages OFF on input line 4501.
Package hyperref Info: Backreferencing OFF on input line 4506.
Package hyperref Info: Implicit mode ON; LaTeX internals redefined.
Package hyperref Info: Bookmarks ON on input line 4735.
\c@Hy@tempcnt=\count108
(d:/usr/texlive/2016/texmf-dist/tex/latex/url/url.sty
\Urlmuskip=\muskip11
Package: url 2013/09/16  ver 3.4  Verb mode for urls, etc.
)
LaTeX Info: Redefining \url on input line 5088.
\XeTeXLinkMargin=\dimen122
\Fld@menulength=\count109
\Field@Width=\dimen123
\Fld@charsize=\dimen124
Package hyperref Info: Hyper figures OFF on input line 6342.
Package hyperref Info: Link nesting OFF on input line 6347.
Package hyperref Info: Hyper index ON on input line 6350.
Package hyperref Info: backreferencing OFF on input line 6357.
Package hyperref Info: Link coloring OFF on input line 6362.
Package hyperref Info: Link coloring with OCG OFF on input line 6367.
Package hyperref Info: PDF/A mode OFF on input line 6372.
LaTeX Info: Redefining \ref on input line 6412.
LaTeX Info: Redefining \pageref on input line 6416.
\Hy@abspage=\count110
\c@Item=\count111
\c@Hfootnote=\count112
)

Package hyperref Message: Driver (autodetected): hpdftex.

(d:/usr/texlive/2016/texmf-dist/tex/latex/hyperref/hpdftex.def
File: hpdftex.def 2016/06/24 v6.83q Hyperref driver for pdfTeX
\Fld@listcount=\count113
\c@bookmark@seq@number=\count114
(d:/usr/texlive/2016/texmf-dist/tex/latex/oberdiek/rerunfilecheck.sty
Package: rerunfilecheck 2016/05/16 v1.8 Rerun checks for auxiliary files (HO)
Package uniquecounter Info: New unique counter `rerunfilecheck' on input line 2
82.
)
\Hy@SectionHShift=\skip47
)
Package hyperref Info: Option `unicode' set `true' on input line 32.
(d:/usr/texlive/2016/texmf-dist/tex/latex/hyperref/puenc.def
File: puenc.def 2016/06/24 v6.83q Hyperref: PDF Unicode definition (HO)
Now handling font encoding PU ...
... no UTF-8 mapping file for font encoding PU
)
Package hyperref Info: Option `colorlinks' set `true' on input line 32.
Package hyperref Info: Option `breaklinks' set `true' on input line 32.
(d:/usr/texlive/2016/texmf-dist/tex/latex/natbib/natbib.sty
Package: natbib 2010/09/13 8.31b (PWD, AO)
\bibhang=\skip48
\bibsep=\skip49
LaTeX Info: Redefining \cite on input line 694.
\c@NAT@ctr=\count115
) (d:/usr/texlive/2016/texmf-dist/tex/latex/graphics/color.sty
Package: color 2016/07/10 v1.1e Standard LaTeX Color (DPC)
(d:/usr/texlive/2016/texmf-dist/tex/latex/graphics-cfg/color.cfg
File: color.cfg 2016/01/02 v1.6 sample color configuration
)
Package color Info: Driver file: pdftex.def on input line 147.
(d:/usr/texlive/2016/texmf-dist/tex/latex/graphics-def/pdftex.def
File: pdftex.def 2016/07/10 v0.06j Graphics/color for pdfTeX
\Gread@gobject=\count116
) (d:/usr/texlive/2016/texmf-dist/tex/latex/graphics/dvipsnam.def
File: dvipsnam.def 2016/06/17 v3.0m Driver-dependent file (DPC,SPQR)
)) (d:/usr/texlive/2016/texmf-dist/tex/latex/fancyvrb/fancyvrb.sty
Package: fancyvrb 2008/02/07

Style option: `fancyvrb' v2.7a, with DG/SPQR fixes, and firstline=lastline fix 
<2008/02/07> (tvz)
\FV@CodeLineNo=\count117
\FV@InFile=\read1
\FV@TabBox=\box28
\c@FancyVerbLine=\count118
\FV@StepNumber=\count119
\FV@OutFile=\write3
) (d:/usr/texlive/2016/texmf-dist/tex/latex/framed/framed.sty
Package: framed 2011/10/22 v 0.96: framed or shaded text with page breaks
\OuterFrameSep=\skip50
\fb@frw=\dimen125
\fb@frh=\dimen126
\FrameRule=\dimen127
\FrameSep=\dimen128
) (d:/usr/texlive/2016/texmf-dist/tex/latex/tools/longtable.sty
Package: longtable 2014/10/28 v4.11 Multi-page Table package (DPC)
\LTleft=\skip51
\LTright=\skip52
\LTpre=\skip53
\LTpost=\skip54
\LTchunksize=\count120
\LTcapwidth=\dimen129
\LT@head=\box29
\LT@firsthead=\box30
\LT@foot=\box31
\LT@lastfoot=\box32
\LT@cols=\count121
\LT@rows=\count122
\c@LT@tables=\count123
\c@LT@chunks=\count124
\LT@p@ftn=\toks25
) (d:/usr/texlive/2016/texmf-dist/tex/latex/booktabs/booktabs.sty
Package: booktabs 2016/04/27 v1.618033 publication quality tables
\heavyrulewidth=\dimen130
\lightrulewidth=\dimen131
\cmidrulewidth=\dimen132
\belowrulesep=\dimen133
\belowbottomsep=\dimen134
\aboverulesep=\dimen135
\abovetopsep=\dimen136
\cmidrulesep=\dimen137
\cmidrulekern=\dimen138
\defaultaddspace=\dimen139
\@cmidla=\count125
\@cmidlb=\count126
\@aboverulesep=\dimen140
\@belowrulesep=\dimen141
\@thisruleclass=\count127
\@lastruleclass=\count128
\@thisrulewidth=\dimen142
) (d:/usr/texlive/2016/texmf-dist/tex/latex/graphics/graphicx.sty
Package: graphicx 2014/10/28 v1.0g Enhanced LaTeX Graphics (DPC,SPQR)
(d:/usr/texlive/2016/texmf-dist/tex/latex/graphics/graphics.sty
Package: graphics 2016/07/10 v1.0t Standard LaTeX Graphics (DPC,SPQR)
(d:/usr/texlive/2016/texmf-dist/tex/latex/graphics/trig.sty
Package: trig 2016/01/03 v1.10 sin cos tan (DPC)
) (d:/usr/texlive/2016/texmf-dist/tex/latex/graphics-cfg/graphics.cfg
File: graphics.cfg 2016/06/04 v1.11 sample graphics configuration
)
Package graphics Info: Driver file: pdftex.def on input line 99.
)
\Gin@req@height=\dimen143
\Gin@req@width=\dimen144
) (d:/usr/texlive/2016/texmf-dist/tex/latex/oberdiek/grffile.sty
Package: grffile 2016/05/16 v1.17 Extended file name support for graphics (HO)
Package grffile Info: Option `multidot' is set to `true'.
Package grffile Info: Option `extendedchars' is set to `false'.
Package grffile Info: Option `space' is set to `true'.
Package grffile Info: \Gin@ii of package `graphicx' fixed on input line 486.
) (d:/usr/texlive/2016/texmf-dist/tex/latex/parskip/parskip.sty
Package: parskip 2001/04/09 non-zero parskip adjustments
) (d:/usr/texlive/2016/texmf-dist/tex/latex/titling/titling.sty
Package: titling 2009/09/04 v2.1d maketitle typesetting
\thanksmarkwidth=\skip55
\thanksmargin=\skip56
\droptitle=\skip57
) (d:/usr/texlive/2016/texmf-dist/tex/latex/cjk-ko/kotex.sty
Package: kotex 2015/04/19 v1.6 Korean TeX (ko.TeX)
(d:/usr/texlive/2016/texmf-dist/tex/latex/kotex-utf/kotex.cfg) (d:/usr/texlive/
2016/texmf-dist/tex/latex/kotex-utf/kotexutf.sty
Package: kotexutf 2015/07/18 v2.1.1 typesetting UTF-8 Korean documents
(d:/usr/texlive/2016/texmf-dist/tex/plain/kotex-plain/kotexutf-core.tex
\unih@ngulpoint=\count129
\dhucs@emph@raise=\dimen145
)
Now handling font encoding LUC ...
... processing UTF-8 mapping file for font encoding LUC
(d:/usr/texlive/2016/texmf-dist/tex/latex/kotex-utf/lucenc.dfu
File: lucenc.dfu 2007/09/05 UTF-8 support for dhucs
   defining Unicode char U+00B7 (decimal 183)
   defining Unicode char U+2018 (decimal 8216)
   defining Unicode char U+2019 (decimal 8217)
   defining Unicode char U+201C (decimal 8220)
   defining Unicode char U+201D (decimal 8221)
   defining Unicode char U+3001 (decimal 12289)
   defining Unicode char U+3002 (decimal 12290)
   defining Unicode char U+3008 (decimal 12296)
   defining Unicode char U+3009 (decimal 12297)
   defining Unicode char U+300A (decimal 12298)
   defining Unicode char U+300B (decimal 12299)
   defining Unicode char U+300C (decimal 12300)
   defining Unicode char U+300D (decimal 12301)
   defining Unicode char U+300E (decimal 12302)
   defining Unicode char U+300F (decimal 12303)
   defining Unicode char U+3010 (decimal 12304)
   defining Unicode char U+3011 (decimal 12305)
   defining Unicode char U+3014 (decimal 12308)
   defining Unicode char U+3015 (decimal 12309)
   defining Unicode char U+3016 (decimal 12310)
   defining Unicode char U+3017 (decimal 12311)
   defining Unicode char U+3018 (decimal 12312)
   defining Unicode char U+3019 (decimal 12313)
   defining Unicode char U+301A (decimal 12314)
   defining Unicode char U+301B (decimal 12315)
   defining Unicode char U+FF01 (decimal 65281)
   defining Unicode char U+FF08 (decimal 65288)
   defining Unicode char U+FF09 (decimal 65289)
   defining Unicode char U+FF0C (decimal 65292)
   defining Unicode char U+FF0E (decimal 65294)
   defining Unicode char U+FF1A (decimal 65306)
   defining Unicode char U+FF1B (decimal 65307)
   defining Unicode char U+FF1C (decimal 65308)
   defining Unicode char U+FF1D (decimal 65309)
   defining Unicode char U+FF1E (decimal 65310)
   defining Unicode char U+FF1F (decimal 65311)
   defining Unicode char U+FF3B (decimal 65339)
   defining Unicode char U+FF3D (decimal 65341)
   defining Unicode char U+FF5B (decimal 65371)
   defining Unicode char U+FF5D (decimal 65373)
   defining Unicode char U+FF61 (decimal 65377)
   defining Unicode char U+FF62 (decimal 65378)
   defining Unicode char U+FF63 (decimal 65379)
   defining Unicode char U+FF64 (decimal 65380)
   defining Unicode char U+FF65 (decimal 65381)
)
\@josa=\count130
\josatoks=\toks26
(d:/usr/texlive/2016/texmf-dist/tex/latex/cjk-ko/kolabels-utf.sty
Package: kolabels-utf 2015/03/20 v1.5 UTF-8 Hangul item labels
))) (d:/usr/texlive/2016/texmf-dist/tex/latex/placeins/placeins.sty
Package: placeins 2005/04/18  v 2.2
) (d:/usr/texlive/2016/texmf-dist/tex/latex/tools/enumerate.sty
Package: enumerate 2015/07/23 v3.00 enumerate extensions (DPC)
\@enLab=\toks27
) (d:/usr/texlive/2016/texmf-dist/tex/latex/float/float.sty
Package: float 2001/11/08 v1.3d Float enhancements (AL)
\c@float@type=\count131
\float@exts=\toks28
\float@box=\box33
\@float@everytoks=\toks29
\@floatcapt=\box34
) (d:/usr/texlive/2016/texmf-dist/tex/latex/setspace/setspace.sty
Package: setspace 2011/12/19 v6.7a set line spacing
) (d:/usr/texlive/2016/texmf-dist/tex/latex/relsize/relsize.sty
Package: relsize 2013/03/29 ver 4.1
) (d:/usr/texlive/2016/texmf-dist/tex/latex/bigints/bigints.sty
Package: bigints 2010/02/15 Writing big integrals
Package bigints Info: This is Bigints by Merciadri Luca. on input line 5.
) (d:/usr/texlive/2016/texmf-dist/tex/latex/tools/bm.sty
Package: bm 2016/07/07 v1.2b Bold Symbol Support (DPC/FMi)
\symboldoperators=\mathgroup6
\symboldletters=\mathgroup7
\symboldsymbols=\mathgroup8
LaTeX Font Info:    Redeclaring math alphabet \mathbf on input line 142.
LaTeX Info: Redefining \bm on input line 208.
) (d:/usr/texlive/2016/texmf-dist/tex/latex/lipsum/lipsum.sty
Package: lipsum 2014/07/27 v1.3 150 paragraphs of Lorem Ipsum dummy text
\c@lips@count=\count132
) (d:/usr/texlive/2016/texmf-dist/tex/latex/tools/dcolumn.sty
Package: dcolumn 2014/10/28 v1.06 decimal alignment package (DPC)
(d:/usr/texlive/2016/texmf-dist/tex/latex/tools/array.sty
Package: array 2014/10/28 v2.4c Tabular extension package (FMi)
\col@sep=\dimen146
\extrarowheight=\dimen147
\NC@list=\toks30
\extratabsurround=\skip58
\backup@length=\skip59
)) (d:/usr/texlive/2016/texmf-dist/tex/latex/caption/caption.sty
Package: caption 2016/02/21 v3.3-144 Customizing captions (AR)
(d:/usr/texlive/2016/texmf-dist/tex/latex/caption/caption3.sty
Package: caption3 2016/05/22 v1.7-166 caption3 kernel (AR)
Package caption3 Info: TeX engine: e-TeX on input line 67.
\captionmargin=\dimen148
\captionmargin@=\dimen149
\captionwidth=\dimen150
\caption@tempdima=\dimen151
\caption@indent=\dimen152
\caption@parindent=\dimen153
\caption@hangindent=\dimen154
)
\c@ContinuedFloat=\count133
Package caption Info: float package is loaded.
Package caption Info: hyperref package is loaded.
Package caption Info: longtable package is loaded.
(d:/usr/texlive/2016/texmf-dist/tex/latex/caption/ltcaption.sty
Package: ltcaption 2013/06/09 v1.4-94 longtable captions (AR)
)) (d:/usr/texlive/2016/texmf-dist/tex/latex/was/gensymb.sty
Package: gensymb 2003/07/02 v1.0 (WaS)
) (d:/usr/texlive/2016/texmf-dist/tex/latex/makecell/makecell.sty
Package: makecell 2009/08/03 V0.1e Managing of Tab Column Heads and Cells
\rotheadsize=\dimen155
\c@nlinenum=\count134
\TeXr@lab=\toks31
) (d:/usr/texlive/2016/texmf-dist/tex/latex/multirow/multirow.sty
\bigstrutjot=\dimen156
) (d:/usr/texlive/2016/texmf-dist/tex/latex/threeparttable/threeparttable.sty
Package: threeparttable 2003/06/13  v 3.0
\@tempboxb=\box35
) (d:/usr/texlive/2016/texmf-dist/tex/latex/graphics/rotating.sty
Package: rotating 2016/05/22 v2.16c rotated objects in LaTeX
(d:/usr/texlive/2016/texmf-dist/tex/latex/base/ifthen.sty
Package: ifthen 2014/09/29 v1.1c Standard LaTeX ifthen package (DPC)
)
\c@r@tfl@t=\count135
\rotFPtop=\skip60
\rotFPbot=\skip61
\rot@float@box=\box36
\rot@mess@toks=\toks32
) (d:/usr/texlive/2016/texmf-dist/tex/latex/xcolor/xcolor.sty
Package: xcolor 2016/05/11 v2.12 LaTeX color extensions (UK)
(d:/usr/texlive/2016/texmf-dist/tex/latex/graphics-cfg/color.cfg
File: color.cfg 2016/01/02 v1.6 sample color configuration
)
Package xcolor Info: Driver file: pdftex.def on input line 225.
(d:/usr/texlive/2016/texmf-dist/tex/latex/colortbl/colortbl.sty
Package: colortbl 2012/02/13 v1.0a Color table columns (DPC)
\everycr=\toks33
\minrowclearance=\skip62
)
LaTeX Info: Redefining \color on input line 709.
\rownum=\count136
Package xcolor Info: Model `cmy' substituted by `cmy0' on input line 1348.
Package xcolor Info: Model `hsb' substituted by `rgb' on input line 1352.
Package xcolor Info: Model `RGB' extended on input line 1364.
Package xcolor Info: Model `HTML' substituted by `rgb' on input line 1366.
Package xcolor Info: Model `Hsb' substituted by `hsb' on input line 1367.
Package xcolor Info: Model `tHsb' substituted by `hsb' on input line 1368.
Package xcolor Info: Model `HSB' substituted by `hsb' on input line 1369.
Package xcolor Info: Model `Gray' substituted by `gray' on input line 1370.
Package xcolor Info: Model `wave' substituted by `hsb' on input line 1371.
) (d:/usr/texlive/2016/texmf-dist/tex/latex/pgf/frontendlayer/tikz.sty (d:/usr/
texlive/2016/texmf-dist/tex/latex/pgf/basiclayer/pgf.sty (d:/usr/texlive/2016/t
exmf-dist/tex/latex/pgf/utilities/pgfrcs.sty (d:/usr/texlive/2016/texmf-dist/te
x/generic/pgf/utilities/pgfutil-common.tex
\pgfutil@everybye=\toks34
\pgfutil@tempdima=\dimen157
\pgfutil@tempdimb=\dimen158

(d:/usr/texlive/2016/texmf-dist/tex/generic/pgf/utilities/pgfutil-common-lists.
tex)) (d:/usr/texlive/2016/texmf-dist/tex/generic/pgf/utilities/pgfutil-latex.d
ef
\pgfutil@abb=\box37
(d:/usr/texlive/2016/texmf-dist/tex/latex/ms/everyshi.sty
Package: everyshi 2001/05/15 v3.00 EveryShipout Package (MS)
)) (d:/usr/texlive/2016/texmf-dist/tex/generic/pgf/utilities/pgfrcs.code.tex
Package: pgfrcs 2015/08/07 v3.0.1a (rcs-revision 1.31)
))
Package: pgf 2015/08/07 v3.0.1a (rcs-revision 1.15)
(d:/usr/texlive/2016/texmf-dist/tex/latex/pgf/basiclayer/pgfcore.sty (d:/usr/te
xlive/2016/texmf-dist/tex/latex/pgf/systemlayer/pgfsys.sty (d:/usr/texlive/2016
/texmf-dist/tex/generic/pgf/systemlayer/pgfsys.code.tex
Package: pgfsys 2014/07/09 v3.0.1a (rcs-revision 1.48)
(d:/usr/texlive/2016/texmf-dist/tex/generic/pgf/utilities/pgfkeys.code.tex
\pgfkeys@pathtoks=\toks35
\pgfkeys@temptoks=\toks36

(d:/usr/texlive/2016/texmf-dist/tex/generic/pgf/utilities/pgfkeysfiltered.code.
tex
\pgfkeys@tmptoks=\toks37
))
\pgf@x=\dimen159
\pgf@y=\dimen160
\pgf@xa=\dimen161
\pgf@ya=\dimen162
\pgf@xb=\dimen163
\pgf@yb=\dimen164
\pgf@xc=\dimen165
\pgf@yc=\dimen166
\w@pgf@writea=\write4
\r@pgf@reada=\read2
\c@pgf@counta=\count137
\c@pgf@countb=\count138
\c@pgf@countc=\count139
\c@pgf@countd=\count140
\t@pgf@toka=\toks38
\t@pgf@tokb=\toks39
\t@pgf@tokc=\toks40
(d:/usr/texlive/2016/texmf-dist/tex/generic/pgf/systemlayer/pgf.cfg
File: pgf.cfg 2008/05/14  (rcs-revision 1.7)
)
Driver file for pgf: pgfsys-pdftex.def
(d:/usr/texlive/2016/texmf-dist/tex/generic/pgf/systemlayer/pgfsys-pdftex.def
File: pgfsys-pdftex.def 2014/10/11  (rcs-revision 1.35)

(d:/usr/texlive/2016/texmf-dist/tex/generic/pgf/systemlayer/pgfsys-common-pdf.d
ef
File: pgfsys-common-pdf.def 2013/10/10  (rcs-revision 1.13)
)))
(d:/usr/texlive/2016/texmf-dist/tex/generic/pgf/systemlayer/pgfsyssoftpath.code
.tex
File: pgfsyssoftpath.code.tex 2013/09/09  (rcs-revision 1.9)
\pgfsyssoftpath@smallbuffer@items=\count141
\pgfsyssoftpath@bigbuffer@items=\count142
)
(d:/usr/texlive/2016/texmf-dist/tex/generic/pgf/systemlayer/pgfsysprotocol.code
.tex
File: pgfsysprotocol.code.tex 2006/10/16  (rcs-revision 1.4)
)) (d:/usr/texlive/2016/texmf-dist/tex/generic/pgf/basiclayer/pgfcore.code.tex
Package: pgfcore 2010/04/11 v3.0.1a (rcs-revision 1.7)
(d:/usr/texlive/2016/texmf-dist/tex/generic/pgf/math/pgfmath.code.tex (d:/usr/t
exlive/2016/texmf-dist/tex/generic/pgf/math/pgfmathcalc.code.tex (d:/usr/texliv
e/2016/texmf-dist/tex/generic/pgf/math/pgfmathutil.code.tex) (d:/usr/texlive/20
16/texmf-dist/tex/generic/pgf/math/pgfmathparser.code.tex
\pgfmath@dimen=\dimen167
\pgfmath@count=\count143
\pgfmath@box=\box38
\pgfmath@toks=\toks41
\pgfmath@stack@operand=\toks42
\pgfmath@stack@operation=\toks43
) (d:/usr/texlive/2016/texmf-dist/tex/generic/pgf/math/pgfmathfunctions.code.te
x
(d:/usr/texlive/2016/texmf-dist/tex/generic/pgf/math/pgfmathfunctions.basic.cod
e.tex)
(d:/usr/texlive/2016/texmf-dist/tex/generic/pgf/math/pgfmathfunctions.trigonome
tric.code.tex)
(d:/usr/texlive/2016/texmf-dist/tex/generic/pgf/math/pgfmathfunctions.random.co
de.tex)
(d:/usr/texlive/2016/texmf-dist/tex/generic/pgf/math/pgfmathfunctions.compariso
n.code.tex)
(d:/usr/texlive/2016/texmf-dist/tex/generic/pgf/math/pgfmathfunctions.base.code
.tex)
(d:/usr/texlive/2016/texmf-dist/tex/generic/pgf/math/pgfmathfunctions.round.cod
e.tex)
(d:/usr/texlive/2016/texmf-dist/tex/generic/pgf/math/pgfmathfunctions.misc.code
.tex)
(d:/usr/texlive/2016/texmf-dist/tex/generic/pgf/math/pgfmathfunctions.integerar
ithmetics.code.tex))) (d:/usr/texlive/2016/texmf-dist/tex/generic/pgf/math/pgfm
athfloat.code.tex
\c@pgfmathroundto@lastzeros=\count144
))
(d:/usr/texlive/2016/texmf-dist/tex/generic/pgf/basiclayer/pgfcorepoints.code.t
ex
File: pgfcorepoints.code.tex 2013/10/07  (rcs-revision 1.27)
\pgf@picminx=\dimen168
\pgf@picmaxx=\dimen169
\pgf@picminy=\dimen170
\pgf@picmaxy=\dimen171
\pgf@pathminx=\dimen172
\pgf@pathmaxx=\dimen173
\pgf@pathminy=\dimen174
\pgf@pathmaxy=\dimen175
\pgf@xx=\dimen176
\pgf@xy=\dimen177
\pgf@yx=\dimen178
\pgf@yy=\dimen179
\pgf@zx=\dimen180
\pgf@zy=\dimen181
)
(d:/usr/texlive/2016/texmf-dist/tex/generic/pgf/basiclayer/pgfcorepathconstruct
.code.tex
File: pgfcorepathconstruct.code.tex 2013/10/07  (rcs-revision 1.29)
\pgf@path@lastx=\dimen182
\pgf@path@lasty=\dimen183
)
(d:/usr/texlive/2016/texmf-dist/tex/generic/pgf/basiclayer/pgfcorepathusage.cod
e.tex
File: pgfcorepathusage.code.tex 2014/11/02  (rcs-revision 1.24)
\pgf@shorten@end@additional=\dimen184
\pgf@shorten@start@additional=\dimen185
)
(d:/usr/texlive/2016/texmf-dist/tex/generic/pgf/basiclayer/pgfcorescopes.code.t
ex
File: pgfcorescopes.code.tex 2015/05/08  (rcs-revision 1.46)
\pgfpic=\box39
\pgf@hbox=\box40
\pgf@layerbox@main=\box41
\pgf@picture@serial@count=\count145
)
(d:/usr/texlive/2016/texmf-dist/tex/generic/pgf/basiclayer/pgfcoregraphicstate.
code.tex
File: pgfcoregraphicstate.code.tex 2014/11/02  (rcs-revision 1.12)
\pgflinewidth=\dimen186
)
(d:/usr/texlive/2016/texmf-dist/tex/generic/pgf/basiclayer/pgfcoretransformatio
ns.code.tex
File: pgfcoretransformations.code.tex 2015/08/07  (rcs-revision 1.20)
\pgf@pt@x=\dimen187
\pgf@pt@y=\dimen188
\pgf@pt@temp=\dimen189
)
(d:/usr/texlive/2016/texmf-dist/tex/generic/pgf/basiclayer/pgfcorequick.code.te
x
File: pgfcorequick.code.tex 2008/10/09  (rcs-revision 1.3)
)
(d:/usr/texlive/2016/texmf-dist/tex/generic/pgf/basiclayer/pgfcoreobjects.code.
tex
File: pgfcoreobjects.code.tex 2006/10/11  (rcs-revision 1.2)
)
(d:/usr/texlive/2016/texmf-dist/tex/generic/pgf/basiclayer/pgfcorepathprocessin
g.code.tex
File: pgfcorepathprocessing.code.tex 2013/09/09  (rcs-revision 1.9)
)
(d:/usr/texlive/2016/texmf-dist/tex/generic/pgf/basiclayer/pgfcorearrows.code.t
ex
File: pgfcorearrows.code.tex 2015/05/14  (rcs-revision 1.43)
\pgfarrowsep=\dimen190
)
(d:/usr/texlive/2016/texmf-dist/tex/generic/pgf/basiclayer/pgfcoreshade.code.te
x
File: pgfcoreshade.code.tex 2013/07/15  (rcs-revision 1.15)
\pgf@max=\dimen191
\pgf@sys@shading@range@num=\count146
)
(d:/usr/texlive/2016/texmf-dist/tex/generic/pgf/basiclayer/pgfcoreimage.code.te
x
File: pgfcoreimage.code.tex 2013/07/15  (rcs-revision 1.18)

(d:/usr/texlive/2016/texmf-dist/tex/generic/pgf/basiclayer/pgfcoreexternal.code
.tex
File: pgfcoreexternal.code.tex 2014/07/09  (rcs-revision 1.21)
\pgfexternal@startupbox=\box42
))
(d:/usr/texlive/2016/texmf-dist/tex/generic/pgf/basiclayer/pgfcorelayers.code.t
ex
File: pgfcorelayers.code.tex 2013/07/18  (rcs-revision 1.7)
)
(d:/usr/texlive/2016/texmf-dist/tex/generic/pgf/basiclayer/pgfcoretransparency.
code.tex
File: pgfcoretransparency.code.tex 2013/09/30  (rcs-revision 1.5)
)
(d:/usr/texlive/2016/texmf-dist/tex/generic/pgf/basiclayer/pgfcorepatterns.code
.tex
File: pgfcorepatterns.code.tex 2013/11/07  (rcs-revision 1.5)
)))
(d:/usr/texlive/2016/texmf-dist/tex/generic/pgf/modules/pgfmoduleshapes.code.te
x
File: pgfmoduleshapes.code.tex 2014/03/21  (rcs-revision 1.35)
\pgfnodeparttextbox=\box43
) (d:/usr/texlive/2016/texmf-dist/tex/generic/pgf/modules/pgfmoduleplot.code.te
x
File: pgfmoduleplot.code.tex 2015/08/03  (rcs-revision 1.13)
)
(d:/usr/texlive/2016/texmf-dist/tex/latex/pgf/compatibility/pgfcomp-version-0-6
5.sty
Package: pgfcomp-version-0-65 2007/07/03 v3.0.1a (rcs-revision 1.7)
\pgf@nodesepstart=\dimen192
\pgf@nodesepend=\dimen193
)
(d:/usr/texlive/2016/texmf-dist/tex/latex/pgf/compatibility/pgfcomp-version-1-1
8.sty
Package: pgfcomp-version-1-18 2007/07/23 v3.0.1a (rcs-revision 1.1)
)) (d:/usr/texlive/2016/texmf-dist/tex/latex/pgf/utilities/pgffor.sty (d:/usr/t
exlive/2016/texmf-dist/tex/latex/pgf/utilities/pgfkeys.sty (d:/usr/texlive/2016
/texmf-dist/tex/generic/pgf/utilities/pgfkeys.code.tex)) (d:/usr/texlive/2016/t
exmf-dist/tex/latex/pgf/math/pgfmath.sty (d:/usr/texlive/2016/texmf-dist/tex/ge
neric/pgf/math/pgfmath.code.tex)) (d:/usr/texlive/2016/texmf-dist/tex/generic/p
gf/utilities/pgffor.code.tex
Package: pgffor 2013/12/13 v3.0.1a (rcs-revision 1.25)
(d:/usr/texlive/2016/texmf-dist/tex/generic/pgf/math/pgfmath.code.tex)
\pgffor@iter=\dimen194
\pgffor@skip=\dimen195
\pgffor@stack=\toks44
\pgffor@toks=\toks45
))
(d:/usr/texlive/2016/texmf-dist/tex/generic/pgf/frontendlayer/tikz/tikz.code.te
x
Package: tikz 2015/08/07 v3.0.1a (rcs-revision 1.151)

(d:/usr/texlive/2016/texmf-dist/tex/generic/pgf/libraries/pgflibraryplothandler
s.code.tex
File: pgflibraryplothandlers.code.tex 2013/08/31 v3.0.1a (rcs-revision 1.20)
\pgf@plot@mark@count=\count147
\pgfplotmarksize=\dimen196
)
\tikz@lastx=\dimen197
\tikz@lasty=\dimen198
\tikz@lastxsaved=\dimen199
\tikz@lastysaved=\dimen256
\tikzleveldistance=\dimen257
\tikzsiblingdistance=\dimen258
\tikz@figbox=\box44
\tikz@figbox@bg=\box45
\tikz@tempbox=\box46
\tikz@tempbox@bg=\box47
\tikztreelevel=\count148
\tikznumberofchildren=\count149
\tikznumberofcurrentchild=\count150
\tikz@fig@count=\count151

(d:/usr/texlive/2016/texmf-dist/tex/generic/pgf/modules/pgfmodulematrix.code.te
x
File: pgfmodulematrix.code.tex 2013/09/17  (rcs-revision 1.8)
\pgfmatrixcurrentrow=\count152
\pgfmatrixcurrentcolumn=\count153
\pgf@matrix@numberofcolumns=\count154
)
\tikz@expandcount=\count155

(d:/usr/texlive/2016/texmf-dist/tex/generic/pgf/frontendlayer/tikz/libraries/ti
kzlibrarytopaths.code.tex
File: tikzlibrarytopaths.code.tex 2008/06/17 v3.0.1a (rcs-revision 1.2)
)))
(d:/usr/texlive/2016/texmf-dist/tex/generic/pgf/frontendlayer/tikz/libraries/ti
kzlibraryshadows.code.tex
File: tikzlibraryshadows.code.tex 2008/01/13 v3.0.1a (rcs-revision 1.3)

(d:/usr/texlive/2016/texmf-dist/tex/generic/pgf/frontendlayer/tikz/libraries/ti
kzlibraryfadings.code.tex
File: tikzlibraryfadings.code.tex 2009/11/15 v3.0.1a (rcs-revision 1.2)

(d:/usr/texlive/2016/texmf-dist/tex/generic/pgf/libraries/pgflibraryfadings.cod
e.tex
File: pgflibraryfadings.code.tex 2008/02/07 v3.0.1a (rcs-revision 1.3)
))) (d:/usr/texlive/2016/texmf-dist/tex/latex/amscls/amsthm.sty
Package: amsthm 2015/03/04 v2.20.2
\thm@style=\toks46
\thm@bodyfont=\toks47
\thm@headfont=\toks48
\thm@notefont=\toks49
\thm@headpunct=\toks50
\thm@preskip=\skip63
\thm@postskip=\skip64
\thm@headsep=\skip65
\dth@everypar=\toks51
)
\c@theorem=\count156
\c@lemma=\count157
\c@definition=\count158
\c@corollary=\count159
\c@proposition=\count160
\c@example=\count161
\c@exercise=\count162
(./R-Lecture-CNUH.aux

LaTeX Warning: Label `r----' multiply defined.


LaTeX Warning: Label `rstudio-' multiply defined.


LaTeX Warning: Label `-' multiply defined.


LaTeX Warning: Label `-' multiply defined.

)
\openout1 = `R-Lecture-CNUH.aux'.

LaTeX Font Info:    Checking defaults for OML/cmm/m/it on input line 217.
LaTeX Font Info:    ... okay on input line 217.
LaTeX Font Info:    Checking defaults for T1/cmr/m/n on input line 217.
LaTeX Font Info:    ... okay on input line 217.
LaTeX Font Info:    Checking defaults for OT1/cmr/m/n on input line 217.
LaTeX Font Info:    ... okay on input line 217.
LaTeX Font Info:    Checking defaults for OMS/cmsy/m/n on input line 217.
LaTeX Font Info:    ... okay on input line 217.
LaTeX Font Info:    Checking defaults for OMX/cmex/m/n on input line 217.
LaTeX Font Info:    ... okay on input line 217.
LaTeX Font Info:    Checking defaults for U/cmr/m/n on input line 217.
LaTeX Font Info:    ... okay on input line 217.
LaTeX Font Info:    Checking defaults for TS1/cmr/m/n on input line 217.
LaTeX Font Info:    Try loading font information for TS1+cmr on input line 217.

(d:/usr/texlive/2016/texmf-dist/tex/latex/base/ts1cmr.fd
File: ts1cmr.fd 2014/09/29 v2.5h Standard LaTeX font definitions
)
LaTeX Font Info:    ... okay on input line 217.
LaTeX Font Info:    Checking defaults for PD1/pdf/m/n on input line 217.
LaTeX Font Info:    ... okay on input line 217.
LaTeX Font Info:    Checking defaults for PU/pdf/m/n on input line 217.
LaTeX Font Info:    ... okay on input line 217.
LaTeX Font Info:    Checking defaults for LUC/nanummj/m/n on input line 217.
LaTeX Font Info:    Try loading font information for LUC+nanummj on input line 
217.
(d:/usr/texlive/2016/texmf-dist/tex/latex/nanumtype1/lucnanummj.fd
File: lucnanummj.fd 2013/02/12 v0.1 Nanum Myeongjo font definitions
)
LaTeX Font Info:    ... okay on input line 217.
LaTeX Font Info:    Try loading font information for T1+lmr on input line 217.
(d:/usr/texlive/2016/texmf-dist/tex/latex/lm/t1lmr.fd
File: t1lmr.fd 2009/10/30 v1.6 Font defs for Latin Modern
)

Package microtype Warning: Command \pickup@font is not defined as expected.
(microtype)                Patching it anyway. Some things may break.
(microtype)                Double-check whether micro-typography is indeed
(microtype)                applied to the document.
(microtype)                (Hint: Turn on `verbose' mode).

LaTeX Info: Redefining \microtypecontext on input line 217.
Package microtype Info: Generating PDF output.
Package microtype Info: Character protrusion enabled (level 2).
Package microtype Info: Using protrusion set `basicmath'.
Package microtype Info: Automatic font expansion enabled (level 2),
(microtype)             stretch: 20, shrink: 20, step: 1, non-selected.
Package microtype Info: Using default expansion set `basictext'.
Package microtype Info: No adjustment of tracking.
Package microtype Info: No adjustment of interword spacing.
Package microtype Info: No adjustment of character kerning.
(d:/usr/texlive/2016/texmf-dist/tex/latex/microtype/mt-cmr.cfg
File: mt-cmr.cfg 2013/05/19 v2.2 microtype config. file: Computer Modern Roman 
(RS)
)
*geometry* driver: auto-detecting
*geometry* detected driver: pdftex
*geometry* verbose mode - [ preamble ] result:
* driver: pdftex
* paper: a4paper
* layout: <same size as paper>
* layoutoffset:(h,v)=(0.0pt,0.0pt)
* modes: twoside 
* h-part:(L,W,R)=(72.26999pt, 452.9679pt, 72.26999pt)
* v-part:(T,H,B)=(72.26999pt, 700.50687pt, 72.26999pt)
* \paperwidth=597.50787pt
* \paperheight=845.04684pt
* \textwidth=452.9679pt
* \textheight=700.50687pt
* \oddsidemargin=0.0pt
* \evensidemargin=0.0pt
* \topmargin=-31.8738pt
* \headheight=12.0pt
* \headsep=19.8738pt
* \topskip=12.0pt
* \footskip=30.0pt
* \marginparwidth=88.0pt
* \marginparsep=7.0pt
* \columnsep=10.0pt
* \skip\footins=10.8pt plus 4.0pt minus 2.0pt
* \hoffset=0.0pt
* \voffset=0.0pt
* \mag=1000
* \@twocolumnfalse
* \@twosidetrue
* \@mparswitchtrue
* \@reversemarginfalse
* (1in=72.27pt=25.4mm, 1cm=28.453pt)

\AtBeginShipoutBox=\box48
Package hyperref Info: Link coloring ON on input line 217.
(d:/usr/texlive/2016/texmf-dist/tex/latex/hyperref/nameref.sty
Package: nameref 2016/05/21 v2.44 Cross-referencing by name of section
(d:/usr/texlive/2016/texmf-dist/tex/generic/oberdiek/gettitlestring.sty
Package: gettitlestring 2016/05/16 v1.5 Cleanup title references (HO)
)
\c@section@level=\count163
)
LaTeX Info: Redefining \ref on input line 217.
LaTeX Info: Redefining \pageref on input line 217.
LaTeX Info: Redefining \nameref on input line 217.
(./R-Lecture-CNUH.out) (./R-Lecture-CNUH.out)
\@outlinefile=\write5
\openout5 = `R-Lecture-CNUH.out'.

(d:/usr/texlive/2016/texmf-dist/tex/context/base/mkii/supp-pdf.mkii
[Loading MPS to PDF converter (version 2006.09.02).]
\scratchcounter=\count164
\scratchdimen=\dimen259
\scratchbox=\box49
\nofMPsegments=\count165
\nofMParguments=\count166
\everyMPshowfont=\toks52
\MPscratchCnt=\count167
\MPscratchDim=\dimen260
\MPnumerator=\count168
\makeMPintoPDFobject=\count169
\everyMPtoPDFconversion=\toks53
) (d:/usr/texlive/2016/texmf-dist/tex/latex/oberdiek/epstopdf-base.sty
Package: epstopdf-base 2016/05/15 v2.6 Base part for package epstopdf
(d:/usr/texlive/2016/texmf-dist/tex/latex/oberdiek/grfext.sty
Package: grfext 2016/05/16 v1.2 Manage graphics extensions (HO)
)
Package epstopdf-base Info: Redefining graphics rule for `.eps' on input line 4
38.
Package grfext Info: Graphics extension search list:
(grfext)             [.png,.pdf,.jpg,.mps,.jpeg,.jbig2,.jb2,.PNG,.PDF,.JPG,.JPE
G,.JBIG2,.JB2,.eps]
(grfext)             \AppendGraphicsExtensions on input line 456.
(d:/usr/texlive/2016/texmf-dist/tex/latex/latexconfig/epstopdf-sys.cfg
File: epstopdf-sys.cfg 2010/07/13 v1.3 Configuration of (r)epstopdf for TeX Liv
e
))
Package caption Info: Begin \AtBeginDocument code.
Package caption Info: rotating package is loaded.
Package caption Info: threeparttable package is loaded.
Package caption Info: End \AtBeginDocument code.
\symgns@font=\mathgroup9
LaTeX Font Info:    Overwriting symbol font `gns@font' in version `bold'
(Font)                  TS1/lmr/m/n --> TS1/lmr/bx/n on input line 217.
Package gensymb Info: Math companion symbols declared on input line 217.
LaTeX Info: Redefining \degree on input line 217.
LaTeX Info: Redefining \celsius on input line 217.
Package gensymb Info: Using text companion symbols for \degree, \celsius and \p
erthousand on input line 217.
LaTeX Info: Redefining \ohm on input line 217.
Package gensymb Info: Using \textohm for \ohm on input line 217.
Package gensymb Info: Using \textmu for \micro on input line 217.
ABD: EveryShipout initializing macros
LaTeX Font Info:    Font shape `LUC/nanummj/bx/it' in size <17.28> not availabl
e
(Font)              Font shape `LUC/nanummj/bx/sl' tried instead on input line 
218.
[1


{d:/usr/texlive/2016/texmf-var/fonts/map/pdftex/updmap/pdftex.map}] [2

] (./R-Lecture-CNUH.toc
LaTeX Font Info:    Try loading font information for OT1+lmr on input line 2.
(d:/usr/texlive/2016/texmf-dist/tex/latex/lm/ot1lmr.fd
File: ot1lmr.fd 2009/10/30 v1.6 Font defs for Latin Modern
)
LaTeX Font Info:    Try loading font information for OML+lmm on input line 2.
(d:/usr/texlive/2016/texmf-dist/tex/latex/lm/omllmm.fd
File: omllmm.fd 2009/10/30 v1.6 Font defs for Latin Modern
)
LaTeX Font Info:    Try loading font information for OMS+lmsy on input line 2.
(d:/usr/texlive/2016/texmf-dist/tex/latex/lm/omslmsy.fd
File: omslmsy.fd 2009/10/30 v1.6 Font defs for Latin Modern
)
LaTeX Font Info:    Try loading font information for OMX+lmex on input line 2.
(d:/usr/texlive/2016/texmf-dist/tex/latex/lm/omxlmex.fd
File: omxlmex.fd 2009/10/30 v1.6 Font defs for Latin Modern
)
LaTeX Font Info:    External font `lmex10' loaded for size
(Font)              <12> on input line 2.
LaTeX Font Info:    External font `lmex10' loaded for size
(Font)              <8> on input line 2.
LaTeX Font Info:    External font `lmex10' loaded for size
(Font)              <6> on input line 2.
LaTeX Font Info:    Try loading font information for U+msa on input line 2.
(d:/usr/texlive/2016/texmf-dist/tex/latex/amsfonts/umsa.fd
File: umsa.fd 2013/01/14 v3.01 AMS symbols A
) (d:/usr/texlive/2016/texmf-dist/tex/latex/microtype/mt-msa.cfg
File: mt-msa.cfg 2006/02/04 v1.1 microtype config. file: AMS symbols (a) (RS)
)
LaTeX Font Info:    Try loading font information for U+msb on input line 2.
(d:/usr/texlive/2016/texmf-dist/tex/latex/amsfonts/umsb.fd
File: umsb.fd 2013/01/14 v3.01 AMS symbols B
) (d:/usr/texlive/2016/texmf-dist/tex/latex/microtype/mt-msb.cfg
File: mt-msb.cfg 2005/06/01 v1.0 microtype config. file: AMS symbols (b) (RS)
)
LaTeX Font Info:    Try loading font information for TS1+lmr on input line 2.
(d:/usr/texlive/2016/texmf-dist/tex/latex/lm/ts1lmr.fd
File: ts1lmr.fd 2009/10/30 v1.6 Font defs for Latin Modern
))
\tf@toc=\write6
\openout6 = `R-Lecture-CNUH.toc'.

[3] [4

]
Chapter 1.
[5]
Underfull \hbox (badness 1337) in paragraph at lines 274--277
[]\LUC/nanummj/m/n/12/b2 \LUC/nanummj/m/n/12/c5 \LUC/nanummj/m/n/12/d5 \ \LUC
/nanummj/m/n/12/d1 \LUC/nanummj/m/n/12/ac  \LUC/nanummj/m/n/12/c1 \LUC/nanum
mj/m/n/12/d5 ^^D\LUC/nanummj/m/n/12/d2 \LUC/nanummj/m/n/12/c6 \LUC/nanummj/m/
n/12/c5  \LUC/nanummj/m/n/12/bc ^^O \LUC/nanummj/m/n/12/bd \LUC/nanummj/m/n/1
2/c1 ^^] \LUC/nanummj/m/n/12/c5 \T1/lmr/m/n/12 (+20) (SPSS, SAS, WEKA, MAT-LA
B,
 []


Underfull \hbox (badness 10000) in paragraph at lines 310--310
[]\T1/lmr/m/n/12 (+20) R\LUC/nanummj/m/n/12/ac  \LUC/nanummj/m/n/12/ad ^^@\LUC
/nanummj/m/n/12/b8 (\LUC/nanummj/m/n/12/d5 \ \LUC/nanummj/m/n/12/b3 ^^@\LUC/nan
ummj/m/n/12/bd \LUC/nanummj/m/n/12/c7 X \LUC/nanummj/m/n/12/bb 8\LUC/nanummj/
m/n/12/c8 ^^\\LUC/nanummj/m/n/12/b2  \T1/lmr/m/n/12 (+20) Google \LUC/nanummj/
m/n/12/ac \LUC/nanummj/m/n/12/c0 \LUC/nanummj/m/n/12/ac  \LUC/nanummj/m/n/12
/c2 \LUC/nanummj/m/n/12/d1 M \LUC/nanummj/m/n/12/c6 $\LUC/nanummj/m/n/12/bc \
LUC/nanummj/m/n/12/d5 ^^L\LUC/nanummj/m/n/12/b8 \\LUC/nanummj/m/n/12/c6 
 []


Package xcolor Warning: Incompatible color definition on input line 310.


Package xcolor Warning: Incompatible color definition on input line 310.


Package xcolor Warning: Incompatible color definition on input line 310.


Package xcolor Warning: Incompatible color definition on input line 310.


Overfull \hbox (38.57283pt too wide) in paragraph at lines 310--311
[][][][][][][] 
 []

[6] <Figures/Rorg-main-add.png, id=213, 655.248pt x 542.025pt>
File: Figures/Rorg-main-add.png Graphic file (type png)
<use Figures/Rorg-main-add.png>
Package pdftex.def Info: Figures/Rorg-main-add.png used on input line 333.
(pdftex.def)             Requested size: 341.4408pt x 282.44183pt.

Package xcolor Warning: Incompatible color definition on input line 344.

<Figures/CRAN-korea-01.PNG, id=216, 792.0792pt x 386.8854pt>
File: Figures/CRAN-korea-01.PNG Graphic file (type png)
<use Figures/CRAN-korea-01.PNG>
Package pdftex.def Info: Figures/CRAN-korea-01.PNG used on input line 350.
(pdftex.def)             Requested size: 341.43344pt x 166.77072pt.
[7 <./Figures/Rorg-main-add.png> <./Figures/CRAN-korea-01.PNG>] <Figures/Rinsta
ll-01.png, id=232, 789.1884pt x 497.6994pt>
File: Figures/Rinstall-01.png Graphic file (type png)
<use Figures/Rinstall-01.png>
Package pdftex.def Info: Figures/Rinstall-01.png used on input line 373.
(pdftex.def)             Requested size: 341.4397pt x 215.32797pt.
<Figures/Rinstall-02.png, id=233, 785.334pt x 494.8086pt>
File: Figures/Rinstall-02.png Graphic file (type png)
<use Figures/Rinstall-02.png>
Package pdftex.def Info: Figures/Rinstall-02.png used on input line 389.
(pdftex.def)             Requested size: 341.43779pt x 215.12674pt.

Package xcolor Warning: Incompatible color definition on input line 400.

LaTeX Font Info:    Try loading font information for T1+lmtt on input line 407.

(d:/usr/texlive/2016/texmf-dist/tex/latex/lm/t1lmtt.fd
File: t1lmtt.fd 2009/10/30 v1.6 Font defs for Latin Modern
) [8 <./Figures/Rinstall-01.png> <./Figures/Rinstall-02.png>] <Figures/Rinstall
-03.png, id=250, 790.152pt x 492.8814pt>
File: Figures/Rinstall-03.png Graphic file (type png)
<use Figures/Rinstall-03.png>
Package pdftex.def Info: Figures/Rinstall-03.png used on input line 418.
(pdftex.def)             Requested size: 341.43462pt x 212.98026pt.
<Figures/R-install-F01.png, id=251, 640.3122pt x 297.7524pt>
File: Figures/R-install-F01.png Graphic file (type png)
<use Figures/R-install-F01.png>
Package pdftex.def Info: Figures/R-install-F01.png used on input line 441.
(pdftex.def)             Requested size: 398.34753pt x 185.2361pt.

Package xcolor Warning: Incompatible color definition on input line 452.

<Figures/R-install-F02.png, id=253, 384.6872pt x 298.86656pt>
File: Figures/R-install-F02.png Graphic file (type png)
<use Figures/R-install-F02.png>
Package pdftex.def Info: Figures/R-install-F02.png used on input line 458.
(pdftex.def)             Requested size: 227.62677pt x 176.84505pt.

Underfull \vbox (badness 10000) has occurred while \output is active []

[9 <./Figures/Rinstall-03.png> <./Figures/R-install-F01.png>]

Package xcolor Warning: Incompatible color definition on input line 475.


Package xcolor Warning: Incompatible color definition on input line 479.

<Figures/R-install-F03.png, id=267, 693.3102pt x 299.1978pt>
File: Figures/R-install-F03.png Graphic file (type png)
<use Figures/R-install-F03.png>
Package pdftex.def Info: Figures/R-install-F03.png used on input line 486.
(pdftex.def)             Requested size: 426.80112pt x 184.18587pt.
<Figures/R-install-F04.png, id=268, 380.622pt x 299.1978pt>
File: Figures/R-install-F04.png Graphic file (type png)
<use Figures/R-install-F04.png>
Package pdftex.def Info: Figures/R-install-F04.png used on input line 494.
(pdftex.def)             Requested size: 227.62573pt x 178.93112pt.

Underfull \vbox (badness 10000) has occurred while \output is active []

[10 <./Figures/R-install-F02.png> <./Figures/R-install-F03.png>] <Figures/R-ins
tall-F05.png, id=279, 385.44pt x 296.307pt>
File: Figures/R-install-F05.png Graphic file (type png)
<use Figures/R-install-F05.png>
Package pdftex.def Info: Figures/R-install-F05.png used on input line 518.
(pdftex.def)             Requested size: 227.61935pt x 174.98238pt.
<Figures/R-install-F06.png, id=280, 384.4764pt x 296.307pt>
File: Figures/R-install-F06.png Graphic file (type png)
<use Figures/R-install-F06.png>
Package pdftex.def Info: Figures/R-install-F06.png used on input line 543.
(pdftex.def)             Requested size: 227.62523pt x 175.42546pt.

Underfull \vbox (badness 10000) has occurred while \output is active []

[11 <./Figures/R-install-F04.png> <./Figures/R-install-F05.png>] <Figures/R-ins
tall-F07.png, id=291, 383.5128pt x 299.1978pt>
File: Figures/R-install-F07.png Graphic file (type png)
<use Figures/R-install-F07.png>
Package pdftex.def Info: Figures/R-install-F07.png used on input line 559.
(pdftex.def)             Requested size: 227.62823pt x 177.58432pt.

Package xcolor Warning: Incompatible color definition on input line 569.

<Figures/R-install-F08.png, id=293, 383.18156pt x 297.36093pt>
File: Figures/R-install-F08.png Graphic file (type png)
<use Figures/R-install-F08.png>
Package pdftex.def Info: Figures/R-install-F08.png used on input line 585.
(pdftex.def)             Requested size: 227.62457pt x 176.64381pt.

Underfull \vbox (badness 10000) has occurred while \output is active []

[12 <./Figures/R-install-F06.png> <./Figures/R-install-F07.png>] <Figures/R-ins
tall-F09.png, id=305, 384.4764pt x 299.1978pt>
File: Figures/R-install-F09.png Graphic file (type png)
<use Figures/R-install-F09.png>
Package pdftex.def Info: Figures/R-install-F09.png used on input line 610.
(pdftex.def)             Requested size: 227.62523pt x 177.13692pt.
<Figures/Rgui.png, id=306, 720.44156pt x 354.57469pt>
File: Figures/Rgui.png Graphic file (type png)
<use Figures/Rgui.png>
Package pdftex.def Info: Figures/Rgui.png used on input line 626.
(pdftex.def)             Requested size: 426.78273pt x 210.04668pt.

Underfull \vbox (badness 10000) has occurred while \output is active []

[13 <./Figures/R-install-F08.png> <./Figures/R-install-F09.png>]

Package xcolor Warning: Incompatible color definition on input line 638.


Package xcolor Warning: Incompatible color definition on input line 655.

LaTeX Font Info:    Font shape `T1/lmtt/bx/n' in size <12> not available
(Font)              Font shape `T1/lmtt/b/n' tried instead on input line 657.
LaTeX Font Info:    Try loading font information for LUC+nanumgt on input line 
657.
(d:/usr/texlive/2016/texmf-dist/tex/latex/nanumtype1/lucnanumgt.fd
File: lucnanumgt.fd 2013/02/12 v0.1 Nanum Gothic font definitions
)
LaTeX Font Info:    Font shape `LUC/nanumgt/m/it' in size <12> not available
(Font)              Font shape `LUC/nanumgt/m/sl' tried instead on input line 6
57.

Package xcolor Warning: Incompatible color definition on input line 660.


Package xcolor Warning: Incompatible color definition on input line 660.


Package xcolor Warning: Incompatible color definition on input line 669.

LaTeX Font Info:    Try loading font information for TS1+lmtt on input line 672
.
(d:/usr/texlive/2016/texmf-dist/tex/latex/lm/ts1lmtt.fd
File: ts1lmtt.fd 2009/10/30 v1.6 Font defs for Latin Modern
)

Package xcolor Warning: Incompatible color definition on input line 674.


Package xcolor Warning: Incompatible color definition on input line 674.

[14 <./Figures/Rgui.png>]

Package xcolor Warning: Incompatible color definition on input line 685.


Package xcolor Warning: Incompatible color definition on input line 692.


Package xcolor Warning: Incompatible color definition on input line 692.

<Figures/check-03-1.pdf, id=342, 505.89pt x 505.89pt>
File: Figures/check-03-1.pdf Graphic file (type pdf)
<use Figures/check-03-1.pdf>
Package pdftex.def Info: Figures/check-03-1.pdf used on input line 694.
(pdftex.def)             Requested size: 284.53154pt x 284.53154pt.

Overfull \hbox (38.57283pt too wide) in paragraph at lines 701--702
[][][][][][][] 
 []

LaTeX Font Info:    External font `lmex10' loaded for size
(Font)              <10> on input line 710.
LaTeX Font Info:    External font `lmex10' loaded for size
(Font)              <7> on input line 710.
LaTeX Font Info:    External font `lmex10' loaded for size
(Font)              <5> on input line 710.
LaTeX Font Info:    Font shape `LUC/nanumgt/m/it' in size <10> not available
(Font)              Font shape `LUC/nanumgt/m/sl' tried instead on input line 7
14.

Underfull \hbox (badness 10000) in paragraph at lines 714--715
[]|\T1/lmtt/m/n/10 help(topic \T1/lmtt/m/it/10 # \LUC/nanumgt/m/sl/10 \LUC/nan
umgt/m/sl/10 \LUC/nanumgt/m/sl/10 \LUC/nanumgt/m/sl/10 D \LUC/nanumgt/m/sl/10
 >\LUC/nanumgt/m/sl/10 \LUC/nanumgt/m/sl/10  \LUC/nanumgt/m/sl/10 X\LUC/nanum
gt/m/sl/10  \LUC/nanumgt/m/sl/10 ^^@\LUC/nanumgt/m/sl/10 
 []


Underfull \hbox (badness 3168) in paragraph at lines 715--715
[]|\T1/lmtt/m/n/10 help.search \LUC/nanummj/m/n/10/b6 ^^P\LUC/nanummj/m/n/10/b2
 
 []


Underfull \hbox (badness 10000) in paragraph at lines 715--716
[]|\T1/lmtt/m/n/10 help.search(pattern \T1/lmtt/m/it/10 # \LUC/nanumgt/m/sl/10 
>\LUC/nanumgt/m/sl/10 \LUC/nanumgt/m/sl/10  \LUC/nanumgt/m/sl/10 X\LUC/nanumg
t/m/sl/10  \LUC/nanumgt/m/sl/10 8\LUC/nanumgt/m/sl/10 
 []


Underfull \hbox (badness 10000) in paragraph at lines 716--717
[]|\T1/lmtt/m/n/10 example(topic \T1/lmtt/m/it/10 # \LUC/nanumgt/m/sl/10 ^^H\LU
C/nanumgt/m/sl/10 ^^\\LUC/nanumgt/m/sl/10 | \LUC/nanumgt/m/sl/10 \LUC/nanumgt/
m/sl/10 X\LUC/nanumgt/m/sl/10 \LUC/nanumgt/m/sl/10  \LUC/nanumgt/m/sl/10 X\L
UC/nanumgt/m/sl/10 
 []


Underfull \hbox (badness 10000) in paragraph at lines 717--718
[]|\T1/lmtt/m/n/10 vignette(topic \T1/lmtt/m/it/10 # topic\LUC/nanumgt/m/sl/10 
 \LUC/nanumgt/m/sl/10 ^^@\LUC/nanumgt/m/sl/10 \LUC/nanumgt/m/sl/10 ^^\
 []


Overfull \hbox (9.82343pt too wide) in paragraph at lines 710--721
 [][] 
 []


Underfull \vbox (badness 10000) has occurred while \output is active []

[15 <./Figures/check-03-1.pdf>]
LaTeX Font Info:    Try loading font information for T1+lmss on input line 731.

(d:/usr/texlive/2016/texmf-dist/tex/latex/lm/t1lmss.fd
File: t1lmss.fd 2009/10/30 v1.6 Font defs for Latin Modern
) [16] <Figures/Rstudio-main.png, id=387, 761.7258pt x 542.025pt>
File: Figures/Rstudio-main.png Graphic file (type png)
<use Figures/Rstudio-main.png>
Package pdftex.def Info: Figures/Rstudio-main.png used on input line 789.
(pdftex.def)             Requested size: 369.87823pt x 263.19609pt.
<Figures/Rstudio-download.png, id=388, 448.074pt x 542.025pt>
File: Figures/Rstudio-download.png Graphic file (type png)
<use Figures/Rstudio-download.png>
Package pdftex.def Info: Figures/Rstudio-download.png used on input line 814.
(pdftex.def)             Requested size: 235.21501pt x 284.5343pt.

Underfull \vbox (badness 1043) has occurred while \output is active []

[17 <./Figures/Rstudio-main.png>] <Figures/Rstudio-download-02.png, id=397, 557
.9244pt x 542.025pt>
File: Figures/Rstudio-download-02.png Graphic file (type png)
<use Figures/Rstudio-download-02.png>
Package pdftex.def Info: Figures/Rstudio-download-02.png used on input line 831
.
(pdftex.def)             Requested size: 292.88063pt x 284.5343pt.

Overfull \hbox (2.24518pt too wide) in paragraph at lines 841--843
[]\T1/lmr/m/n/12 (-20) RStudio in-staller \LUC/nanummj/m/n/12/b2 \LUC/nanummj/
m/n/12/c6 \LUC/nanummj/m/n/12/b8 \\LUC/nanummj/m/n/12/b4  \LUC/nanummj/m/n/12
/c2  \LUC/nanummj/m/n/12/d3 ^^L\LUC/nanummj/m/n/12/c7 |t \LUC/nanummj/m/n/12/c
8 ^^@\LUC/nanummj/m/n/12/c7 \LUC/nanummj/m/n/12/b4 ^^\ \LUC/nanummj/m/n/12/d3 
\LUC/nanummj/m/n/12/b3 T\LUC/nanummj/m/n/12/c5 \LUC/nanummj/m/n/12/c1 ^^\ \LU
C/nanummj/m/n/12/bc \LUC/nanummj/m/n/12/d1  \T1/lmtt/m/n/12 RStudio-xx.xx.xxx
.exe
 []

[18 <./Figures/Rstudio-download.png> <./Figures/Rstudio-download-02.png>] <Figu
res/Rstudio-installer.png, id=408, 789.1884pt x 488.5452pt>
File: Figures/Rstudio-installer.png Graphic file (type png)
<use Figures/Rstudio-installer.png>
Package pdftex.def Info: Figures/Rstudio-installer.png used on input line 856.
(pdftex.def)             Requested size: 426.80565pt x 264.21303pt.
<Figures/Rstudio-init.png, id=409, 963.6pt x 542.025pt>
File: Figures/Rstudio-init.png Graphic file (type png)
<use Figures/Rstudio-init.png>
Package pdftex.def Info: Figures/Rstudio-init.png used on input line 872.
(pdftex.def)             Requested size: 426.77895pt x 240.06314pt.
[19 <./Figures/Rstudio-installer.png> <./Figures/Rstudio-init.png>] <Figures/Rs
tudio-cap1.png, id=422, 967.4544pt x 542.025pt>
File: Figures/Rstudio-cap1.png Graphic file (type png)
<use Figures/Rstudio-cap1.png>
Package pdftex.def Info: Figures/Rstudio-cap1.png used on input line 889.
(pdftex.def)             Requested size: 341.43369pt x 191.29128pt.
<Figures/Rstudio-layout.png, id=423, 630.6762pt x 529.0164pt>
File: Figures/Rstudio-layout.png Graphic file (type png)
<use Figures/Rstudio-layout.png>
Package pdftex.def Info: Figures/Rstudio-layout.png used on input line 913.
(pdftex.def)             Requested size: 339.2128pt x 284.5345pt.
[20 <./Figures/Rstudio-cap1.png> <./Figures/Rstudio-layout.png>]
Chapter 2.
[21

] [22

]
Chapter 3.
(./R-Lecture-CNUH.bbl [23] [24

]
LaTeX Font Info:    Font shape `LUC/nanummj/m/it' in size <12> not available
(Font)              Font shape `LUC/nanummj/m/sl' tried instead on input line 1
1.
) [25]
Package atveryend Info: Empty hook `BeforeClearDocument' on input line 942.
Package atveryend Info: Empty hook `AfterLastShipout' on input line 942.
(./R-Lecture-CNUH.aux)
Package atveryend Info: Executing hook `AtVeryEndDocument' on input line 942.
Package atveryend Info: Executing hook `AtEndAfterFileList' on input line 942.
Package rerunfilecheck Info: File `R-Lecture-CNUH.out' has not changed.
(rerunfilecheck)             Checksum: 7A7950E0BDDF183536AC6E881D71591F;1691.

LaTeX Warning: There were multiply-defined labels.

Package atveryend Info: Empty hook `AtVeryVeryEnd' on input line 942.
 ) 
Here is how much of TeX's memory you used:
 27012 strings out of 493013
 470996 string characters out of 6135157
 649801 words of memory out of 5000000
 29744 multiletter control sequences out of 15000+600000
 190958 words of font info for 351 fonts, out of 8000000 for 9000
 1141 hyphenation exceptions out of 8191
 55i,12n,78p,421b,884s stack positions out of 5000i,500n,10000p,200000b,80000s
{d:/usr/texlive/2016/texmf-dist/fonts/enc/dvips/lm/lm-mathsy.enc}{d:/usr/texl
ive/2016/texmf-dist/fonts/enc/dvips/lm/lm-ec.enc}{d:/usr/texlive/2016/texmf-dis
t/fonts/enc/dvips/lm/lm-ts1.enc}<d:/usr/texlive/2016/texmf-dist/fonts/type1/pub
lic/lm/lmbx10.pfb><d:/usr/texlive/2016/texmf-dist/fonts/type1/public/lm/lmbx12.
pfb><d:/usr/texlive/2016/texmf-dist/fonts/type1/public/lm/lmbxi10.pfb><d:/usr/t
exlive/2016/texmf-dist/fonts/type1/public/lm/lmr10.pfb><d:/usr/texlive/2016/tex
mf-dist/fonts/type1/public/lm/lmr12.pfb><d:/usr/texlive/2016/texmf-dist/fonts/t
ype1/public/lm/lmri12.pfb><d:/usr/texlive/2016/texmf-dist/fonts/type1/public/lm
/lmss8.pfb><d:/usr/texlive/2016/texmf-dist/fonts/type1/public/lm/lmsy10.pfb><d:
/usr/texlive/2016/texmf-dist/fonts/type1/public/lm/lmsy8.pfb><d:/usr/texlive/20
16/texmf-dist/fonts/type1/public/lm/lmtk10.pfb><d:/usr/texlive/2016/texmf-dist/
fonts/type1/public/lm/lmtt10.pfb><d:/usr/texlive/2016/texmf-dist/fonts/type1/pu
blic/lm/lmtt12.pfb><d:/usr/texlive/2016/texmf-dist/fonts/type1/public/lm/lmtti1
0.pfb><d:/usr/texlive/2016/texmf-dist/fonts/type1/public/nanumtype1/nanumgtmac.
pfb><d:/usr/texlive/2016/texmf-dist/fonts/type1/public/nanumtype1/nanumgtmad.pf
b><d:/usr/texlive/2016/texmf-dist/fonts/type1/public/nanumtype1/nanumgtmae.pfb>
<d:/usr/texlive/2016/texmf-dist/fonts/type1/public/nanumtype1/nanumgtmb0.pfb><d
:/usr/texlive/2016/texmf-dist/fonts/type1/public/nanumtype1/nanumgtmb2.pfb><d:/
usr/texlive/2016/texmf-dist/fonts/type1/public/nanumtype1/nanumgtmb2.pfb><d:/us
r/texlive/2016/texmf-dist/fonts/type1/public/nanumtype1/nanumgtmb3.pfb><d:/usr/
texlive/2016/texmf-dist/fonts/type1/public/nanumtype1/nanumgtmb4.pfb><d:/usr/te
xlive/2016/texmf-dist/fonts/type1/public/nanumtype1/nanumgtmb6.pfb><d:/usr/texl
ive/2016/texmf-dist/fonts/type1/public/nanumtype1/nanumgtmb7.pfb><d:/usr/texliv
e/2016/texmf-dist/fonts/type1/public/nanumtype1/nanumgtmb8.pfb><d:/usr/texlive/
2016/texmf-dist/fonts/type1/public/nanumtype1/nanumgtmb9.pfb><d:/usr/texlive/20
16/texmf-dist/fonts/type1/public/nanumtype1/nanumgtmbb.pfb><d:/usr/texlive/2016
/texmf-dist/fonts/type1/public/nanumtype1/nanumgtmbd.pfb><d:/usr/texlive/2016/t
exmf-dist/fonts/type1/public/nanumtype1/nanumgtmc0.pfb><d:/usr/texlive/2016/tex
mf-dist/fonts/type1/public/nanumtype1/nanumgtmc1.pfb><d:/usr/texlive/2016/texmf
-dist/fonts/type1/public/nanumtype1/nanumgtmc2.pfb><d:/usr/texlive/2016/texmf-d
ist/fonts/type1/public/nanumtype1/nanumgtmc5.pfb><d:/usr/texlive/2016/texmf-dis
t/fonts/type1/public/nanumtype1/nanumgtmc6.pfb><d:/usr/texlive/2016/texmf-dist/
fonts/type1/public/nanumtype1/nanumgtmc7.pfb><d:/usr/texlive/2016/texmf-dist/fo
nts/type1/public/nanumtype1/nanumgtmc7.pfb><d:/usr/texlive/2016/texmf-dist/font
s/type1/public/nanumtype1/nanumgtmc8.pfb><d:/usr/texlive/2016/texmf-dist/fonts/
type1/public/nanumtype1/nanumgtmc9.pfb><d:/usr/texlive/2016/texmf-dist/fonts/ty
pe1/public/nanumtype1/nanumgtmcc.pfb><d:/usr/texlive/2016/texmf-dist/fonts/type
1/public/nanumtype1/nanumgtmcd.pfb><d:/usr/texlive/2016/texmf-dist/fonts/type1/
public/nanumtype1/nanumgtmd1.pfb><d:/usr/texlive/2016/texmf-dist/fonts/type1/pu
blic/nanumtype1/nanumgtmd3.pfb><d:/usr/texlive/2016/texmf-dist/fonts/type1/publ
ic/nanumtype1/nanumgtmd5.pfb><d:/usr/texlive/2016/texmf-dist/fonts/type1/public
/nanumtype1/nanumgtmd7.pfb><d:/usr/texlive/2016/texmf-dist/fonts/type1/public/n
anumtype1/nanummjbac.pfb><d:/usr/texlive/2016/texmf-dist/fonts/type1/public/nan
umtype1/nanummjbad.pfb><d:/usr/texlive/2016/texmf-dist/fonts/type1/public/nanum
type1/nanummjbad.pfb><d:/usr/texlive/2016/texmf-dist/fonts/type1/public/nanumty
pe1/nanummjbae.pfb><d:/usr/texlive/2016/texmf-dist/fonts/type1/public/nanumtype
1/nanummjbb2.pfb><d:/usr/texlive/2016/texmf-dist/fonts/type1/public/nanumtype1/
nanummjbb3.pfb><d:/usr/texlive/2016/texmf-dist/fonts/type1/public/nanumtype1/na
nummjbb7.pfb><d:/usr/texlive/2016/texmf-dist/fonts/type1/public/nanumtype1/nanu
mmjbb8.pfb><d:/usr/texlive/2016/texmf-dist/fonts/type1/public/nanumtype1/nanumm
jbb9.pfb><d:/usr/texlive/2016/texmf-dist/fonts/type1/public/nanumtype1/nanummjb
ba.pfb><d:/usr/texlive/2016/texmf-dist/fonts/type1/public/nanumtype1/nanummjbbb
.pfb><d:/usr/texlive/2016/texmf-dist/fonts/type1/public/nanumtype1/nanummjbbc.p
fb><d:/usr/texlive/2016/texmf-dist/fonts/type1/public/nanumtype1/nanummjbbc.pfb
><d:/usr/texlive/2016/texmf-dist/fonts/type1/public/nanumtype1/nanummjbbd.pfb><
d:/usr/texlive/2016/texmf-dist/fonts/type1/public/nanumtype1/nanummjbc0.pfb><d:
/usr/texlive/2016/texmf-dist/fonts/type1/public/nanumtype1/nanummjbc1.pfb><d:/u
sr/texlive/2016/texmf-dist/fonts/type1/public/nanumtype1/nanummjbc2.pfb><d:/usr
/texlive/2016/texmf-dist/fonts/type1/public/nanumtype1/nanummjbc5.pfb><d:/usr/t
exlive/2016/texmf-dist/fonts/type1/public/nanumtype1/nanummjbc6.pfb><d:/usr/tex
live/2016/texmf-dist/fonts/type1/public/nanumtype1/nanummjbc7.pfb><d:/usr/texli
ve/2016/texmf-dist/fonts/type1/public/nanumtype1/nanummjbc8.pfb><d:/usr/texlive
/2016/texmf-dist/fonts/type1/public/nanumtype1/nanummjbcc.pfb><d:/usr/texlive/2
016/texmf-dist/fonts/type1/public/nanumtype1/nanummjbcd.pfb><d:/usr/texlive/201
6/texmf-dist/fonts/type1/public/nanumtype1/nanummjbcd.pfb><d:/usr/texlive/2016/
texmf-dist/fonts/type1/public/nanumtype1/nanummjbce.pfb><d:/usr/texlive/2016/te
xmf-dist/fonts/type1/public/nanumtype1/nanummjbd0.pfb><d:/usr/texlive/2016/texm
f-dist/fonts/type1/public/nanumtype1/nanummjbd1.pfb><d:/usr/texlive/2016/texmf-
dist/fonts/type1/public/nanumtype1/nanummjbd2.pfb><d:/usr/texlive/2016/texmf-di
st/fonts/type1/public/nanumtype1/nanummjbd3.pfb><d:/usr/texlive/2016/texmf-dist
/fonts/type1/public/nanumtype1/nanummjbd5.pfb><d:/usr/texlive/2016/texmf-dist/f
onts/type1/public/nanumtype1/nanummjbd6.pfb><d:/usr/texlive/2016/texmf-dist/fon
ts/type1/public/nanumtype1/nanummjmac.pfb><d:/usr/texlive/2016/texmf-dist/fonts
/type1/public/nanumtype1/nanummjmac.pfb><d:/usr/texlive/2016/texmf-dist/fonts/t
ype1/public/nanumtype1/nanummjmad.pfb><d:/usr/texlive/2016/texmf-dist/fonts/typ
e1/public/nanumtype1/nanummjmae.pfb><d:/usr/texlive/2016/texmf-dist/fonts/type1
/public/nanumtype1/nanummjmae.pfb><d:/usr/texlive/2016/texmf-dist/fonts/type1/p
ublic/nanumtype1/nanummjmaf.pfb><d:/usr/texlive/2016/texmf-dist/fonts/type1/pub
lic/nanumtype1/nanummjmb0.pfb><d:/usr/texlive/2016/texmf-dist/fonts/type1/publi
c/nanumtype1/nanummjmb1.pfb><d:/usr/texlive/2016/texmf-dist/fonts/type1/public/
nanumtype1/nanummjmb2.pfb><d:/usr/texlive/2016/texmf-dist/fonts/type1/public/na
numtype1/nanummjmb3.pfb><d:/usr/texlive/2016/texmf-dist/fonts/type1/public/nanu
mtype1/nanummjmb3.pfb><d:/usr/texlive/2016/texmf-dist/fonts/type1/public/nanumt
ype1/nanummjmb4.pfb><d:/usr/texlive/2016/texmf-dist/fonts/type1/public/nanumtyp
e1/nanummjmb4.pfb><d:/usr/texlive/2016/texmf-dist/fonts/type1/public/nanumtype1
/nanummjmb5.pfb><d:/usr/texlive/2016/texmf-dist/fonts/type1/public/nanumtype1/n
anummjmb6.pfb><d:/usr/texlive/2016/texmf-dist/fonts/type1/public/nanumtype1/nan
ummjmb7.pfb><d:/usr/texlive/2016/texmf-dist/fonts/type1/public/nanumtype1/nanum
mjmb8.pfb><d:/usr/texlive/2016/texmf-dist/fonts/type1/public/nanumtype1/nanummj
mb9.pfb><d:/usr/texlive/2016/texmf-dist/fonts/type1/public/nanumtype1/nanummjmb
9.pfb><d:/usr/texlive/2016/texmf-dist/fonts/type1/public/nanumtype1/nanummjmba.
pfb><d:/usr/texlive/2016/texmf-dist/fonts/type1/public/nanumtype1/nanummjmbb.pf
b><d:/usr/texlive/2016/texmf-dist/fonts/type1/public/nanumtype1/nanummjmbb.pfb>
<d:/usr/texlive/2016/texmf-dist/fonts/type1/public/nanumtype1/nanummjmbc.pfb><d
:/usr/texlive/2016/texmf-dist/fonts/type1/public/nanumtype1/nanummjmbd.pfb><d:/
usr/texlive/2016/texmf-dist/fonts/type1/public/nanumtype1/nanummjmbd.pfb><d:/us
r/texlive/2016/texmf-dist/fonts/type1/public/nanumtype1/nanummjmbe.pfb><d:/usr/
texlive/2016/texmf-dist/fonts/type1/public/nanumtype1/nanummjmc0.pfb><d:/usr/te
xlive/2016/texmf-dist/fonts/type1/public/nanumtype1/nanummjmc1.pfb><d:/usr/texl
ive/2016/texmf-dist/fonts/type1/public/nanumtype1/nanummjmc1.pfb><d:/usr/texliv
e/2016/texmf-dist/fonts/type1/public/nanumtype1/nanummjmc2.pfb><d:/usr/texlive/
2016/texmf-dist/fonts/type1/public/nanumtype1/nanummjmc2.pfb><d:/usr/texlive/20
16/texmf-dist/fonts/type1/public/nanumtype1/nanummjmc5.pfb><d:/usr/texlive/2016
/texmf-dist/fonts/type1/public/nanumtype1/nanummjmc5.pfb><d:/usr/texlive/2016/t
exmf-dist/fonts/type1/public/nanumtype1/nanummjmc6.pfb><d:/usr/texlive/2016/tex
mf-dist/fonts/type1/public/nanumtype1/nanummjmc6.pfb><d:/usr/texlive/2016/texmf
-dist/fonts/type1/public/nanumtype1/nanummjmc7.pfb><d:/usr/texlive/2016/texmf-d
ist/fonts/type1/public/nanumtype1/nanummjmc7.pfb><d:/usr/texlive/2016/texmf-dis
t/fonts/type1/public/nanumtype1/nanummjmc8.pfb><d:/usr/texlive/2016/texmf-dist/
fonts/type1/public/nanumtype1/nanummjmc9.pfb><d:/usr/texlive/2016/texmf-dist/fo
nts/type1/public/nanumtype1/nanummjmcc.pfb><d:/usr/texlive/2016/texmf-dist/font
s/type1/public/nanumtype1/nanummjmcc.pfb><d:/usr/texlive/2016/texmf-dist/fonts/
type1/public/nanumtype1/nanummjmcd.pfb><d:/usr/texlive/2016/texmf-dist/fonts/ty
pe1/public/nanumtype1/nanummjmce.pfb><d:/usr/texlive/2016/texmf-dist/fonts/type
1/public/nanumtype1/nanummjmcf.pfb><d:/usr/texlive/2016/texmf-dist/fonts/type1/
public/nanumtype1/nanummjmcf.pfb><d:/usr/texlive/2016/texmf-dist/fonts/type1/pu
blic/nanumtype1/nanummjmd0.pfb><d:/usr/texlive/2016/texmf-dist/fonts/type1/publ
ic/nanumtype1/nanummjmd1.pfb><d:/usr/texlive/2016/texmf-dist/fonts/type1/public
/nanumtype1/nanummjmd1.pfb><d:/usr/texlive/2016/texmf-dist/fonts/type1/public/n
anumtype1/nanummjmd2.pfb><d:/usr/texlive/2016/texmf-dist/fonts/type1/public/nan
umtype1/nanummjmd3.pfb><d:/usr/texlive/2016/texmf-dist/fonts/type1/public/nanum
type1/nanummjmd4.pfb><d:/usr/texlive/2016/texmf-dist/fonts/type1/public/nanumty
pe1/nanummjmd5.pfb><d:/usr/texlive/2016/texmf-dist/fonts/type1/public/nanumtype
1/nanummjmd5.pfb><d:/usr/texlive/2016/texmf-dist/fonts/type1/public/nanumtype1/
nanummjmd6.pfb><d:/usr/texlive/2016/texmf-dist/fonts/type1/public/nanumtype1/na
nummjmd6.pfb><d:/usr/texlive/2016/texmf-dist/fonts/type1/public/nanumtype1/nanu
mmjmd7.pfb>
Output written on R-Lecture-CNUH.pdf (25 pages, 10118054 bytes).
PDF statistics:
 903 PDF objects out of 1000 (max. 8388607)
 678 compressed objects within 7 object streams
 100 named destinations out of 1000 (max. 500000)
 16736 words of extra memory for PDF output out of 17280 (max. 10000000)

